28-Apr-2025 19:14:54.754 資訊 [main] org.apache.catalina.startup.VersionLoggerListener.log Server version name:   Apache Tomcat/9.0.104
28-Apr-2025 19:14:54.757 資訊 [main] org.apache.catalina.startup.VersionLoggerListener.log Server built:          Apr 4 2025 12:32:55 UTC
28-Apr-2025 19:14:54.757 資訊 [main] org.apache.catalina.startup.VersionLoggerListener.log Server version number: 9.0.104.0
28-Apr-2025 19:14:54.757 資訊 [main] org.apache.catalina.startup.VersionLoggerListener.log OS Name:               Windows 11
28-Apr-2025 19:14:54.758 資訊 [main] org.apache.catalina.startup.VersionLoggerListener.log OS Version:            10.0
28-Apr-2025 19:14:54.758 資訊 [main] org.apache.catalina.startup.VersionLoggerListener.log Architecture:          amd64
28-Apr-2025 19:14:54.758 資訊 [main] org.apache.catalina.startup.VersionLoggerListener.log Java Home:             C:\Program Files\Eclipse Adoptium\jdk-17.0.14.7-hotspot
28-Apr-2025 19:14:54.758 資訊 [main] org.apache.catalina.startup.VersionLoggerListener.log JVM Version:           17.0.14+7
28-Apr-2025 19:14:54.758 資訊 [main] org.apache.catalina.startup.VersionLoggerListener.log JVM Vendor:            Eclipse Adoptium
28-Apr-2025 19:14:54.759 資訊 [main] org.apache.catalina.startup.VersionLoggerListener.log CATALINA_BASE:         C:\Users\好人\Desktop\入門到入墳\somebody_help_me\apache-tomcat-9.0.104-windows-x64\apache-tomcat-9.0.104
28-Apr-2025 19:14:54.759 資訊 [main] org.apache.catalina.startup.VersionLoggerListener.log CATALINA_HOME:         C:\Users\好人\Desktop\入門到入墳\somebody_help_me\apache-tomcat-9.0.104-windows-x64\apache-tomcat-9.0.104
28-Apr-2025 19:14:54.768 資訊 [main] org.apache.catalina.startup.VersionLoggerListener.log Command line argument: --add-opens=java.base/java.lang=ALL-UNNAMED
28-Apr-2025 19:14:54.768 資訊 [main] org.apache.catalina.startup.VersionLoggerListener.log Command line argument: --add-opens=java.base/java.lang.invoke=ALL-UNNAMED
28-Apr-2025 19:14:54.768 資訊 [main] org.apache.catalina.startup.VersionLoggerListener.log Command line argument: --add-opens=java.base/java.lang.reflect=ALL-UNNAMED
28-Apr-2025 19:14:54.768 資訊 [main] org.apache.catalina.startup.VersionLoggerListener.log Command line argument: --add-opens=java.base/java.io=ALL-UNNAMED
28-Apr-2025 19:14:54.769 資訊 [main] org.apache.catalina.startup.VersionLoggerListener.log Command line argument: --add-opens=java.base/java.util=ALL-UNNAMED
28-Apr-2025 19:14:54.769 資訊 [main] org.apache.catalina.startup.VersionLoggerListener.log Command line argument: --add-opens=java.base/java.util.concurrent=ALL-UNNAMED
28-Apr-2025 19:14:54.769 資訊 [main] org.apache.catalina.startup.VersionLoggerListener.log Command line argument: --add-opens=java.rmi/sun.rmi.transport=ALL-UNNAMED
28-Apr-2025 19:14:54.769 資訊 [main] org.apache.catalina.startup.VersionLoggerListener.log Command line argument: -Djava.util.logging.config.file=C:\Users\好人\Desktop\入門到入墳\somebody_help_me\apache-tomcat-9.0.104-windows-x64\apache-tomcat-9.0.104\conf\logging.properties
28-Apr-2025 19:14:54.770 資訊 [main] org.apache.catalina.startup.VersionLoggerListener.log Command line argument: -Djava.util.logging.manager=org.apache.juli.ClassLoaderLogManager
28-Apr-2025 19:14:54.770 資訊 [main] org.apache.catalina.startup.VersionLoggerListener.log Command line argument: -Djdk.tls.ephemeralDHKeySize=2048
28-Apr-2025 19:14:54.770 資訊 [main] org.apache.catalina.startup.VersionLoggerListener.log Command line argument: -Djava.protocol.handler.pkgs=org.apache.catalina.webresources
28-Apr-2025 19:14:54.770 資訊 [main] org.apache.catalina.startup.VersionLoggerListener.log Command line argument: -Dsun.io.useCanonCaches=false
28-Apr-2025 19:14:54.771 資訊 [main] org.apache.catalina.startup.VersionLoggerListener.log Command line argument: -Dignore.endorsed.dirs=
28-Apr-2025 19:14:54.771 資訊 [main] org.apache.catalina.startup.VersionLoggerListener.log Command line argument: -Dcatalina.base=C:\Users\好人\Desktop\入門到入墳\somebody_help_me\apache-tomcat-9.0.104-windows-x64\apache-tomcat-9.0.104
28-Apr-2025 19:14:54.771 資訊 [main] org.apache.catalina.startup.VersionLoggerListener.log Command line argument: -Dcatalina.home=C:\Users\好人\Desktop\入門到入墳\somebody_help_me\apache-tomcat-9.0.104-windows-x64\apache-tomcat-9.0.104
28-Apr-2025 19:14:54.771 資訊 [main] org.apache.catalina.startup.VersionLoggerListener.log Command line argument: -Djava.io.tmpdir=C:\Users\好人\Desktop\入門到入墳\somebody_help_me\apache-tomcat-9.0.104-windows-x64\apache-tomcat-9.0.104\temp
28-Apr-2025 19:14:54.781 資訊 [main] org.apache.catalina.core.AprLifecycleListener.lifecycleEvent Loaded Apache Tomcat Native library [1.3.1] using APR version [1.7.4].
28-Apr-2025 19:14:54.781 資訊 [main] org.apache.catalina.core.AprLifecycleListener.lifecycleEvent APR capabilities: IPv6 [true], sendfile [true], accept filters [false], random [true], UDS [true].
28-Apr-2025 19:14:54.781 資訊 [main] org.apache.catalina.core.AprLifecycleListener.lifecycleEvent APR/OpenSSL configuration: useAprConnector [false], useOpenSSL [true]
28-Apr-2025 19:14:54.789 資訊 [main] org.apache.catalina.core.AprLifecycleListener.initializeSSL OpenSSL successfully initialized [OpenSSL 3.0.14 4 Jun 2024]
28-Apr-2025 19:14:54.975 資訊 [main] org.apache.coyote.AbstractProtocol.init Initializing ProtocolHandler ["http-nio-8080"]
28-Apr-2025 19:14:55.002 資訊 [main] org.apache.catalina.startup.Catalina.load Server initialization in [388] milliseconds
28-Apr-2025 19:14:55.053 資訊 [main] org.apache.catalina.core.StandardService.startInternal Starting service [Catalina]
28-Apr-2025 19:14:55.053 資訊 [main] org.apache.catalina.core.StandardEngine.startInternal Starting Servlet engine: [Apache Tomcat/9.0.104]
28-Apr-2025 19:14:55.064 資訊 [main] org.apache.catalina.startup.HostConfig.deployDirectory Deploying web application directory [C:\Users\好人\Desktop\入門到入墳\somebody_help_me\apache-tomcat-9.0.104-windows-x64\apache-tomcat-9.0.104\webapps\ch4]
28-Apr-2025 19:14:55.305 資訊 [main] org.apache.catalina.startup.HostConfig.deployDirectory Deployment of web application directory [C:\Users\好人\Desktop\入門到入墳\somebody_help_me\apache-tomcat-9.0.104-windows-x64\apache-tomcat-9.0.104\webapps\ch4] has finished in [241] ms
28-Apr-2025 19:14:55.306 資訊 [main] org.apache.catalina.startup.HostConfig.deployDirectory Deploying web application directory [C:\Users\好人\Desktop\入門到入墳\somebody_help_me\apache-tomcat-9.0.104-windows-x64\apache-tomcat-9.0.104\webapps\ch7]
28-Apr-2025 19:14:55.325 資訊 [main] org.apache.catalina.startup.HostConfig.deployDirectory Deployment of web application directory [C:\Users\好人\Desktop\入門到入墳\somebody_help_me\apache-tomcat-9.0.104-windows-x64\apache-tomcat-9.0.104\webapps\ch7] has finished in [19] ms
28-Apr-2025 19:14:55.325 資訊 [main] org.apache.catalina.startup.HostConfig.deployDirectory Deploying web application directory [C:\Users\好人\Desktop\入門到入墳\somebody_help_me\apache-tomcat-9.0.104-windows-x64\apache-tomcat-9.0.104\webapps\docs]
28-Apr-2025 19:14:55.352 資訊 [main] org.apache.catalina.startup.HostConfig.deployDirectory Deployment of web application directory [C:\Users\好人\Desktop\入門到入墳\somebody_help_me\apache-tomcat-9.0.104-windows-x64\apache-tomcat-9.0.104\webapps\docs] has finished in [27] ms
28-Apr-2025 19:14:55.352 資訊 [main] org.apache.catalina.startup.HostConfig.deployDirectory Deploying web application directory [C:\Users\好人\Desktop\入門到入墳\somebody_help_me\apache-tomcat-9.0.104-windows-x64\apache-tomcat-9.0.104\webapps\examples]
28-Apr-2025 19:14:55.707 資訊 [main] org.apache.catalina.startup.HostConfig.deployDirectory Deployment of web application directory [C:\Users\好人\Desktop\入門到入墳\somebody_help_me\apache-tomcat-9.0.104-windows-x64\apache-tomcat-9.0.104\webapps\examples] has finished in [355] ms
28-Apr-2025 19:14:55.707 資訊 [main] org.apache.catalina.startup.HostConfig.deployDirectory Deploying web application directory [C:\Users\好人\Desktop\入門到入墳\somebody_help_me\apache-tomcat-9.0.104-windows-x64\apache-tomcat-9.0.104\webapps\host-manager]
28-Apr-2025 19:14:55.740 資訊 [main] org.apache.catalina.startup.HostConfig.deployDirectory Deployment of web application directory [C:\Users\好人\Desktop\入門到入墳\somebody_help_me\apache-tomcat-9.0.104-windows-x64\apache-tomcat-9.0.104\webapps\host-manager] has finished in [32] ms
28-Apr-2025 19:14:55.740 資訊 [main] org.apache.catalina.startup.HostConfig.deployDirectory Deploying web application directory [C:\Users\好人\Desktop\入門到入墳\somebody_help_me\apache-tomcat-9.0.104-windows-x64\apache-tomcat-9.0.104\webapps\manager]
28-Apr-2025 19:14:55.770 資訊 [main] org.apache.catalina.startup.HostConfig.deployDirectory Deployment of web application directory [C:\Users\好人\Desktop\入門到入墳\somebody_help_me\apache-tomcat-9.0.104-windows-x64\apache-tomcat-9.0.104\webapps\manager] has finished in [30] ms
28-Apr-2025 19:14:55.770 資訊 [main] org.apache.catalina.startup.HostConfig.deployDirectory Deploying web application directory [C:\Users\好人\Desktop\入門到入墳\somebody_help_me\apache-tomcat-9.0.104-windows-x64\apache-tomcat-9.0.104\webapps\ROOT]
28-Apr-2025 19:14:55.793 資訊 [main] org.apache.catalina.startup.HostConfig.deployDirectory Deployment of web application directory [C:\Users\好人\Desktop\入門到入墳\somebody_help_me\apache-tomcat-9.0.104-windows-x64\apache-tomcat-9.0.104\webapps\ROOT] has finished in [23] ms
28-Apr-2025 19:14:55.797 資訊 [main] org.apache.coyote.AbstractProtocol.start Starting ProtocolHandler ["http-nio-8080"]
28-Apr-2025 19:14:55.843 資訊 [main] org.apache.catalina.startup.Catalina.start Server startup in [840] milliseconds
28-Apr-2025 19:15:25.809 資訊 [Catalina-utility-2] org.apache.catalina.startup.HostConfig.deployDirectory Deploying web application directory [C:\Users\好人\Desktop\入門到入墳\somebody_help_me\apache-tomcat-9.0.104-windows-x64\apache-tomcat-9.0.104\webapps\新增資料夾]
28-Apr-2025 19:15:25.828 資訊 [Catalina-utility-2] org.apache.catalina.startup.HostConfig.deployDirectory Deployment of web application directory [C:\Users\好人\Desktop\入門到入墳\somebody_help_me\apache-tomcat-9.0.104-windows-x64\apache-tomcat-9.0.104\webapps\新增資料夾] has finished in [18] ms
28-Apr-2025 19:16:16.349 資訊 [Catalina-utility-2] org.apache.catalina.startup.HostConfig.undeploy Undeploying context [/新增資料夾]
28-Apr-2025 19:16:16.362 資訊 [Catalina-utility-2] org.apache.catalina.startup.HostConfig.deployDirectory Deploying web application directory [C:\Users\好人\Desktop\入門到入墳\somebody_help_me\apache-tomcat-9.0.104-windows-x64\apache-tomcat-9.0.104\webapps\test]
28-Apr-2025 19:16:16.379 資訊 [Catalina-utility-2] org.apache.catalina.startup.HostConfig.deployDirectory Deployment of web application directory [C:\Users\好人\Desktop\入門到入墳\somebody_help_me\apache-tomcat-9.0.104-windows-x64\apache-tomcat-9.0.104\webapps\test] has finished in [17] ms
28-Apr-2025 19:16:46.890 資訊 [Catalina-utility-1] org.apache.catalina.startup.HostConfig.undeploy Undeploying context [/test]
28-Apr-2025 19:16:46.898 資訊 [Catalina-utility-1] org.apache.catalina.startup.HostConfig.deployDirectory Deploying web application directory [C:\Users\好人\Desktop\入門到入墳\somebody_help_me\apache-tomcat-9.0.104-windows-x64\apache-tomcat-9.0.104\webapps\JSP]
28-Apr-2025 19:16:46.919 資訊 [Catalina-utility-1] org.apache.catalina.startup.HostConfig.deployDirectory Deployment of web application directory [C:\Users\好人\Desktop\入門到入墳\somebody_help_me\apache-tomcat-9.0.104-windows-x64\apache-tomcat-9.0.104\webapps\JSP] has finished in [21] ms
