26-Apr-2025 15:52:03.170 資訊 [main] org.apache.catalina.startup.VersionLoggerListener.log Server version name:   Apache Tomcat/9.0.104
26-Apr-2025 15:52:03.174 資訊 [main] org.apache.catalina.startup.VersionLoggerListener.log Server built:          Apr 4 2025 12:32:55 UTC
26-Apr-2025 15:52:03.174 資訊 [main] org.apache.catalina.startup.VersionLoggerListener.log Server version number: 9.0.104.0
26-Apr-2025 15:52:03.174 資訊 [main] org.apache.catalina.startup.VersionLoggerListener.log OS Name:               Windows 11
26-Apr-2025 15:52:03.174 資訊 [main] org.apache.catalina.startup.VersionLoggerListener.log OS Version:            10.0
26-Apr-2025 15:52:03.174 資訊 [main] org.apache.catalina.startup.VersionLoggerListener.log Architecture:          amd64
26-Apr-2025 15:52:03.174 資訊 [main] org.apache.catalina.startup.VersionLoggerListener.log Java Home:             C:\Program Files\Eclipse Adoptium\jdk-17.0.14.7-hotspot
26-Apr-2025 15:52:03.174 資訊 [main] org.apache.catalina.startup.VersionLoggerListener.log JVM Version:           17.0.14+7
26-Apr-2025 15:52:03.174 資訊 [main] org.apache.catalina.startup.VersionLoggerListener.log JVM Vendor:            Eclipse Adoptium
26-Apr-2025 15:52:03.174 資訊 [main] org.apache.catalina.startup.VersionLoggerListener.log CATALINA_BASE:         C:\Users\好人\Downloads\apache-tomcat-9.0.104-windows-x64\apache-tomcat-9.0.104
26-Apr-2025 15:52:03.174 資訊 [main] org.apache.catalina.startup.VersionLoggerListener.log CATALINA_HOME:         C:\Users\好人\Downloads\apache-tomcat-9.0.104-windows-x64\apache-tomcat-9.0.104
26-Apr-2025 15:52:03.188 資訊 [main] org.apache.catalina.startup.VersionLoggerListener.log Command line argument: --add-opens=java.base/java.lang=ALL-UNNAMED
26-Apr-2025 15:52:03.188 資訊 [main] org.apache.catalina.startup.VersionLoggerListener.log Command line argument: --add-opens=java.base/java.lang.invoke=ALL-UNNAMED
26-Apr-2025 15:52:03.188 資訊 [main] org.apache.catalina.startup.VersionLoggerListener.log Command line argument: --add-opens=java.base/java.lang.reflect=ALL-UNNAMED
26-Apr-2025 15:52:03.189 資訊 [main] org.apache.catalina.startup.VersionLoggerListener.log Command line argument: --add-opens=java.base/java.io=ALL-UNNAMED
26-Apr-2025 15:52:03.189 資訊 [main] org.apache.catalina.startup.VersionLoggerListener.log Command line argument: --add-opens=java.base/java.util=ALL-UNNAMED
26-Apr-2025 15:52:03.189 資訊 [main] org.apache.catalina.startup.VersionLoggerListener.log Command line argument: --add-opens=java.base/java.util.concurrent=ALL-UNNAMED
26-Apr-2025 15:52:03.189 資訊 [main] org.apache.catalina.startup.VersionLoggerListener.log Command line argument: --add-opens=java.rmi/sun.rmi.transport=ALL-UNNAMED
26-Apr-2025 15:52:03.190 資訊 [main] org.apache.catalina.startup.VersionLoggerListener.log Command line argument: -Djava.util.logging.config.file=C:\Users\好人\Downloads\apache-tomcat-9.0.104-windows-x64\apache-tomcat-9.0.104\conf\logging.properties
26-Apr-2025 15:52:03.190 資訊 [main] org.apache.catalina.startup.VersionLoggerListener.log Command line argument: -Djava.util.logging.manager=org.apache.juli.ClassLoaderLogManager
26-Apr-2025 15:52:03.190 資訊 [main] org.apache.catalina.startup.VersionLoggerListener.log Command line argument: -Djdk.tls.ephemeralDHKeySize=2048
26-Apr-2025 15:52:03.190 資訊 [main] org.apache.catalina.startup.VersionLoggerListener.log Command line argument: -Djava.protocol.handler.pkgs=org.apache.catalina.webresources
26-Apr-2025 15:52:03.190 資訊 [main] org.apache.catalina.startup.VersionLoggerListener.log Command line argument: -Dsun.io.useCanonCaches=false
26-Apr-2025 15:52:03.191 資訊 [main] org.apache.catalina.startup.VersionLoggerListener.log Command line argument: -Dignore.endorsed.dirs=
26-Apr-2025 15:52:03.191 資訊 [main] org.apache.catalina.startup.VersionLoggerListener.log Command line argument: -Dcatalina.base=C:\Users\好人\Downloads\apache-tomcat-9.0.104-windows-x64\apache-tomcat-9.0.104
26-Apr-2025 15:52:03.191 資訊 [main] org.apache.catalina.startup.VersionLoggerListener.log Command line argument: -Dcatalina.home=C:\Users\好人\Downloads\apache-tomcat-9.0.104-windows-x64\apache-tomcat-9.0.104
26-Apr-2025 15:52:03.191 資訊 [main] org.apache.catalina.startup.VersionLoggerListener.log Command line argument: -Djava.io.tmpdir=C:\Users\好人\Downloads\apache-tomcat-9.0.104-windows-x64\apache-tomcat-9.0.104\temp
26-Apr-2025 15:52:03.196 資訊 [main] org.apache.catalina.core.AprLifecycleListener.lifecycleEvent Loaded Apache Tomcat Native library [1.3.1] using APR version [1.7.4].
26-Apr-2025 15:52:03.196 資訊 [main] org.apache.catalina.core.AprLifecycleListener.lifecycleEvent APR capabilities: IPv6 [true], sendfile [true], accept filters [false], random [true], UDS [true].
26-Apr-2025 15:52:03.196 資訊 [main] org.apache.catalina.core.AprLifecycleListener.lifecycleEvent APR/OpenSSL configuration: useAprConnector [false], useOpenSSL [true]
26-Apr-2025 15:52:03.200 資訊 [main] org.apache.catalina.core.AprLifecycleListener.initializeSSL OpenSSL successfully initialized [OpenSSL 3.0.14 4 Jun 2024]
26-Apr-2025 15:52:03.389 資訊 [main] org.apache.coyote.AbstractProtocol.init Initializing ProtocolHandler ["http-nio-8080"]
26-Apr-2025 15:52:03.415 資訊 [main] org.apache.catalina.startup.Catalina.load Server initialization in [406] milliseconds
26-Apr-2025 15:52:03.456 資訊 [main] org.apache.catalina.core.StandardService.startInternal Starting service [Catalina]
26-Apr-2025 15:52:03.456 資訊 [main] org.apache.catalina.core.StandardEngine.startInternal Starting Servlet engine: [Apache Tomcat/9.0.104]
26-Apr-2025 15:52:03.466 資訊 [main] org.apache.catalina.startup.HostConfig.deployDirectory Deploying web application directory [C:\Users\好人\Downloads\apache-tomcat-9.0.104-windows-x64\apache-tomcat-9.0.104\webapps\docs]
26-Apr-2025 15:52:03.736 資訊 [main] org.apache.catalina.startup.HostConfig.deployDirectory Deployment of web application directory [C:\Users\好人\Downloads\apache-tomcat-9.0.104-windows-x64\apache-tomcat-9.0.104\webapps\docs] has finished in [269] ms
26-Apr-2025 15:52:03.736 資訊 [main] org.apache.catalina.startup.HostConfig.deployDirectory Deploying web application directory [C:\Users\好人\Downloads\apache-tomcat-9.0.104-windows-x64\apache-tomcat-9.0.104\webapps\examples]
26-Apr-2025 15:52:04.061 資訊 [main] org.apache.catalina.startup.HostConfig.deployDirectory Deployment of web application directory [C:\Users\好人\Downloads\apache-tomcat-9.0.104-windows-x64\apache-tomcat-9.0.104\webapps\examples] has finished in [325] ms
26-Apr-2025 15:52:04.061 資訊 [main] org.apache.catalina.startup.HostConfig.deployDirectory Deploying web application directory [C:\Users\好人\Downloads\apache-tomcat-9.0.104-windows-x64\apache-tomcat-9.0.104\webapps\host-manager]
26-Apr-2025 15:52:04.094 資訊 [main] org.apache.catalina.startup.HostConfig.deployDirectory Deployment of web application directory [C:\Users\好人\Downloads\apache-tomcat-9.0.104-windows-x64\apache-tomcat-9.0.104\webapps\host-manager] has finished in [32] ms
26-Apr-2025 15:52:04.094 資訊 [main] org.apache.catalina.startup.HostConfig.deployDirectory Deploying web application directory [C:\Users\好人\Downloads\apache-tomcat-9.0.104-windows-x64\apache-tomcat-9.0.104\webapps\manager]
26-Apr-2025 15:52:04.120 資訊 [main] org.apache.catalina.startup.HostConfig.deployDirectory Deployment of web application directory [C:\Users\好人\Downloads\apache-tomcat-9.0.104-windows-x64\apache-tomcat-9.0.104\webapps\manager] has finished in [26] ms
26-Apr-2025 15:52:04.122 資訊 [main] org.apache.catalina.startup.HostConfig.deployDirectory Deploying web application directory [C:\Users\好人\Downloads\apache-tomcat-9.0.104-windows-x64\apache-tomcat-9.0.104\webapps\ROOT]
26-Apr-2025 15:52:04.141 資訊 [main] org.apache.catalina.startup.HostConfig.deployDirectory Deployment of web application directory [C:\Users\好人\Downloads\apache-tomcat-9.0.104-windows-x64\apache-tomcat-9.0.104\webapps\ROOT] has finished in [19] ms
26-Apr-2025 15:52:04.146 資訊 [main] org.apache.coyote.AbstractProtocol.start Starting ProtocolHandler ["http-nio-8080"]
26-Apr-2025 15:52:04.190 資訊 [main] org.apache.catalina.startup.Catalina.start Server startup in [774] milliseconds
26-Apr-2025 19:10:27.869 資訊 [main] org.apache.catalina.startup.VersionLoggerListener.log Server version name:   Apache Tomcat/9.0.104
26-Apr-2025 19:10:27.872 資訊 [main] org.apache.catalina.startup.VersionLoggerListener.log Server built:          Apr 4 2025 12:32:55 UTC
26-Apr-2025 19:10:27.874 資訊 [main] org.apache.catalina.startup.VersionLoggerListener.log Server version number: 9.0.104.0
26-Apr-2025 19:10:27.874 資訊 [main] org.apache.catalina.startup.VersionLoggerListener.log OS Name:               Windows 11
26-Apr-2025 19:10:27.874 資訊 [main] org.apache.catalina.startup.VersionLoggerListener.log OS Version:            10.0
26-Apr-2025 19:10:27.874 資訊 [main] org.apache.catalina.startup.VersionLoggerListener.log Architecture:          amd64
26-Apr-2025 19:10:27.874 資訊 [main] org.apache.catalina.startup.VersionLoggerListener.log Java Home:             C:\Program Files\Eclipse Adoptium\jdk-17.0.14.7-hotspot
26-Apr-2025 19:10:27.874 資訊 [main] org.apache.catalina.startup.VersionLoggerListener.log JVM Version:           17.0.14+7
26-Apr-2025 19:10:27.875 資訊 [main] org.apache.catalina.startup.VersionLoggerListener.log JVM Vendor:            Eclipse Adoptium
26-Apr-2025 19:10:27.875 資訊 [main] org.apache.catalina.startup.VersionLoggerListener.log CATALINA_BASE:         C:\Users\好人\Desktop\入門到入墳\somebody_help_me\apache-tomcat-9.0.104-windows-x64\apache-tomcat-9.0.104
26-Apr-2025 19:10:27.875 資訊 [main] org.apache.catalina.startup.VersionLoggerListener.log CATALINA_HOME:         C:\Users\好人\Desktop\入門到入墳\somebody_help_me\apache-tomcat-9.0.104-windows-x64\apache-tomcat-9.0.104
26-Apr-2025 19:10:27.881 資訊 [main] org.apache.catalina.startup.VersionLoggerListener.log Command line argument: --add-opens=java.base/java.lang=ALL-UNNAMED
26-Apr-2025 19:10:27.881 資訊 [main] org.apache.catalina.startup.VersionLoggerListener.log Command line argument: --add-opens=java.base/java.lang.invoke=ALL-UNNAMED
26-Apr-2025 19:10:27.881 資訊 [main] org.apache.catalina.startup.VersionLoggerListener.log Command line argument: --add-opens=java.base/java.lang.reflect=ALL-UNNAMED
26-Apr-2025 19:10:27.883 資訊 [main] org.apache.catalina.startup.VersionLoggerListener.log Command line argument: --add-opens=java.base/java.io=ALL-UNNAMED
26-Apr-2025 19:10:27.883 資訊 [main] org.apache.catalina.startup.VersionLoggerListener.log Command line argument: --add-opens=java.base/java.util=ALL-UNNAMED
26-Apr-2025 19:10:27.883 資訊 [main] org.apache.catalina.startup.VersionLoggerListener.log Command line argument: --add-opens=java.base/java.util.concurrent=ALL-UNNAMED
26-Apr-2025 19:10:27.883 資訊 [main] org.apache.catalina.startup.VersionLoggerListener.log Command line argument: --add-opens=java.rmi/sun.rmi.transport=ALL-UNNAMED
26-Apr-2025 19:10:27.883 資訊 [main] org.apache.catalina.startup.VersionLoggerListener.log Command line argument: -Djava.util.logging.config.file=C:\Users\好人\Desktop\入門到入墳\somebody_help_me\apache-tomcat-9.0.104-windows-x64\apache-tomcat-9.0.104\conf\logging.properties
26-Apr-2025 19:10:27.883 資訊 [main] org.apache.catalina.startup.VersionLoggerListener.log Command line argument: -Djava.util.logging.manager=org.apache.juli.ClassLoaderLogManager
26-Apr-2025 19:10:27.884 資訊 [main] org.apache.catalina.startup.VersionLoggerListener.log Command line argument: -Djdk.tls.ephemeralDHKeySize=2048
26-Apr-2025 19:10:27.884 資訊 [main] org.apache.catalina.startup.VersionLoggerListener.log Command line argument: -Djava.protocol.handler.pkgs=org.apache.catalina.webresources
26-Apr-2025 19:10:27.884 資訊 [main] org.apache.catalina.startup.VersionLoggerListener.log Command line argument: -Dsun.io.useCanonCaches=false
26-Apr-2025 19:10:27.884 資訊 [main] org.apache.catalina.startup.VersionLoggerListener.log Command line argument: -Dignore.endorsed.dirs=
26-Apr-2025 19:10:27.884 資訊 [main] org.apache.catalina.startup.VersionLoggerListener.log Command line argument: -Dcatalina.base=C:\Users\好人\Desktop\入門到入墳\somebody_help_me\apache-tomcat-9.0.104-windows-x64\apache-tomcat-9.0.104
26-Apr-2025 19:10:27.884 資訊 [main] org.apache.catalina.startup.VersionLoggerListener.log Command line argument: -Dcatalina.home=C:\Users\好人\Desktop\入門到入墳\somebody_help_me\apache-tomcat-9.0.104-windows-x64\apache-tomcat-9.0.104
26-Apr-2025 19:10:27.884 資訊 [main] org.apache.catalina.startup.VersionLoggerListener.log Command line argument: -Djava.io.tmpdir=C:\Users\好人\Desktop\入門到入墳\somebody_help_me\apache-tomcat-9.0.104-windows-x64\apache-tomcat-9.0.104\temp
26-Apr-2025 19:10:27.888 資訊 [main] org.apache.catalina.core.AprLifecycleListener.lifecycleEvent Loaded Apache Tomcat Native library [1.3.1] using APR version [1.7.4].
26-Apr-2025 19:10:27.888 資訊 [main] org.apache.catalina.core.AprLifecycleListener.lifecycleEvent APR capabilities: IPv6 [true], sendfile [true], accept filters [false], random [true], UDS [true].
26-Apr-2025 19:10:27.888 資訊 [main] org.apache.catalina.core.AprLifecycleListener.lifecycleEvent APR/OpenSSL configuration: useAprConnector [false], useOpenSSL [true]
26-Apr-2025 19:10:27.892 資訊 [main] org.apache.catalina.core.AprLifecycleListener.initializeSSL OpenSSL successfully initialized [OpenSSL 3.0.14 4 Jun 2024]
26-Apr-2025 19:10:28.068 資訊 [main] org.apache.coyote.AbstractProtocol.init Initializing ProtocolHandler ["http-nio-8080"]
26-Apr-2025 19:10:28.090 資訊 [main] org.apache.catalina.startup.Catalina.load Server initialization in [366] milliseconds
26-Apr-2025 19:10:28.126 資訊 [main] org.apache.catalina.core.StandardService.startInternal Starting service [Catalina]
26-Apr-2025 19:10:28.126 資訊 [main] org.apache.catalina.core.StandardEngine.startInternal Starting Servlet engine: [Apache Tomcat/9.0.104]
26-Apr-2025 19:10:28.134 資訊 [main] org.apache.catalina.startup.HostConfig.deployDirectory Deploying web application directory [C:\Users\好人\Desktop\入門到入墳\somebody_help_me\apache-tomcat-9.0.104-windows-x64\apache-tomcat-9.0.104\webapps\docs]
26-Apr-2025 19:10:28.369 資訊 [main] org.apache.catalina.startup.HostConfig.deployDirectory Deployment of web application directory [C:\Users\好人\Desktop\入門到入墳\somebody_help_me\apache-tomcat-9.0.104-windows-x64\apache-tomcat-9.0.104\webapps\docs] has finished in [235] ms
26-Apr-2025 19:10:28.370 資訊 [main] org.apache.catalina.startup.HostConfig.deployDirectory Deploying web application directory [C:\Users\好人\Desktop\入門到入墳\somebody_help_me\apache-tomcat-9.0.104-windows-x64\apache-tomcat-9.0.104\webapps\examples]
26-Apr-2025 19:10:28.691 資訊 [main] org.apache.catalina.startup.HostConfig.deployDirectory Deployment of web application directory [C:\Users\好人\Desktop\入門到入墳\somebody_help_me\apache-tomcat-9.0.104-windows-x64\apache-tomcat-9.0.104\webapps\examples] has finished in [321] ms
26-Apr-2025 19:10:28.691 資訊 [main] org.apache.catalina.startup.HostConfig.deployDirectory Deploying web application directory [C:\Users\好人\Desktop\入門到入墳\somebody_help_me\apache-tomcat-9.0.104-windows-x64\apache-tomcat-9.0.104\webapps\host-manager]
26-Apr-2025 19:10:28.723 資訊 [main] org.apache.catalina.startup.HostConfig.deployDirectory Deployment of web application directory [C:\Users\好人\Desktop\入門到入墳\somebody_help_me\apache-tomcat-9.0.104-windows-x64\apache-tomcat-9.0.104\webapps\host-manager] has finished in [32] ms
26-Apr-2025 19:10:28.723 資訊 [main] org.apache.catalina.startup.HostConfig.deployDirectory Deploying web application directory [C:\Users\好人\Desktop\入門到入墳\somebody_help_me\apache-tomcat-9.0.104-windows-x64\apache-tomcat-9.0.104\webapps\manager]
26-Apr-2025 19:10:28.752 資訊 [main] org.apache.catalina.startup.HostConfig.deployDirectory Deployment of web application directory [C:\Users\好人\Desktop\入門到入墳\somebody_help_me\apache-tomcat-9.0.104-windows-x64\apache-tomcat-9.0.104\webapps\manager] has finished in [29] ms
26-Apr-2025 19:10:28.752 資訊 [main] org.apache.catalina.startup.HostConfig.deployDirectory Deploying web application directory [C:\Users\好人\Desktop\入門到入墳\somebody_help_me\apache-tomcat-9.0.104-windows-x64\apache-tomcat-9.0.104\webapps\ROOT]
26-Apr-2025 19:10:28.774 資訊 [main] org.apache.catalina.startup.HostConfig.deployDirectory Deployment of web application directory [C:\Users\好人\Desktop\入門到入墳\somebody_help_me\apache-tomcat-9.0.104-windows-x64\apache-tomcat-9.0.104\webapps\ROOT] has finished in [22] ms
26-Apr-2025 19:10:28.778 資訊 [main] org.apache.coyote.AbstractProtocol.start Starting ProtocolHandler ["http-nio-8080"]
26-Apr-2025 19:10:28.820 資訊 [main] org.apache.catalina.startup.Catalina.start Server startup in [729] milliseconds
26-Apr-2025 19:13:58.846 資訊 [Catalina-utility-1] org.apache.catalina.startup.HostConfig.deployDirectory Deploying web application directory [C:\Users\好人\Desktop\入門到入墳\somebody_help_me\apache-tomcat-9.0.104-windows-x64\apache-tomcat-9.0.104\webapps\ch7]
26-Apr-2025 19:13:58.868 資訊 [Catalina-utility-1] org.apache.catalina.startup.HostConfig.deployDirectory Deployment of web application directory [C:\Users\好人\Desktop\入門到入墳\somebody_help_me\apache-tomcat-9.0.104-windows-x64\apache-tomcat-9.0.104\webapps\ch7] has finished in [23] ms
26-Apr-2025 19:14:38.880 資訊 [Catalina-utility-1] org.apache.catalina.startup.HostConfig.deployDirectory Deploying web application directory [C:\Users\好人\Desktop\入門到入墳\somebody_help_me\apache-tomcat-9.0.104-windows-x64\apache-tomcat-9.0.104\webapps\ch4]
26-Apr-2025 19:14:38.904 資訊 [Catalina-utility-1] org.apache.catalina.startup.HostConfig.deployDirectory Deployment of web application directory [C:\Users\好人\Desktop\入門到入墳\somebody_help_me\apache-tomcat-9.0.104-windows-x64\apache-tomcat-9.0.104\webapps\ch4] has finished in [24] ms
