05-May-2025 19:56:07.733 資訊 [main] org.apache.catalina.startup.VersionLoggerListener.log Server version name:   Apache Tomcat/9.0.104
05-May-2025 19:56:07.737 資訊 [main] org.apache.catalina.startup.VersionLoggerListener.log Server built:          Apr 4 2025 12:32:55 UTC
05-May-2025 19:56:07.737 資訊 [main] org.apache.catalina.startup.VersionLoggerListener.log Server version number: 9.0.104.0
05-May-2025 19:56:07.737 資訊 [main] org.apache.catalina.startup.VersionLoggerListener.log OS Name:               Windows 11
05-May-2025 19:56:07.737 資訊 [main] org.apache.catalina.startup.VersionLoggerListener.log OS Version:            10.0
05-May-2025 19:56:07.738 資訊 [main] org.apache.catalina.startup.VersionLoggerListener.log Architecture:          amd64
05-May-2025 19:56:07.738 資訊 [main] org.apache.catalina.startup.VersionLoggerListener.log Java Home:             C:\Program Files\Eclipse Adoptium\jdk-17.0.14.7-hotspot
05-May-2025 19:56:07.738 資訊 [main] org.apache.catalina.startup.VersionLoggerListener.log JVM Version:           17.0.14+7
05-May-2025 19:56:07.738 資訊 [main] org.apache.catalina.startup.VersionLoggerListener.log JVM Vendor:            Eclipse Adoptium
05-May-2025 19:56:07.738 資訊 [main] org.apache.catalina.startup.VersionLoggerListener.log CATALINA_BASE:         C:\Users\好人\Desktop\入門到入墳\somebody_help_me\apache-tomcat-9.0.104-windows-x64\apache-tomcat-9.0.104
05-May-2025 19:56:07.738 資訊 [main] org.apache.catalina.startup.VersionLoggerListener.log CATALINA_HOME:         C:\Users\好人\Desktop\入門到入墳\somebody_help_me\apache-tomcat-9.0.104-windows-x64\apache-tomcat-9.0.104
05-May-2025 19:56:07.749 資訊 [main] org.apache.catalina.startup.VersionLoggerListener.log Command line argument: --add-opens=java.base/java.lang=ALL-UNNAMED
05-May-2025 19:56:07.751 資訊 [main] org.apache.catalina.startup.VersionLoggerListener.log Command line argument: --add-opens=java.base/java.lang.invoke=ALL-UNNAMED
05-May-2025 19:56:07.751 資訊 [main] org.apache.catalina.startup.VersionLoggerListener.log Command line argument: --add-opens=java.base/java.lang.reflect=ALL-UNNAMED
05-May-2025 19:56:07.751 資訊 [main] org.apache.catalina.startup.VersionLoggerListener.log Command line argument: --add-opens=java.base/java.io=ALL-UNNAMED
05-May-2025 19:56:07.751 資訊 [main] org.apache.catalina.startup.VersionLoggerListener.log Command line argument: --add-opens=java.base/java.util=ALL-UNNAMED
05-May-2025 19:56:07.751 資訊 [main] org.apache.catalina.startup.VersionLoggerListener.log Command line argument: --add-opens=java.base/java.util.concurrent=ALL-UNNAMED
05-May-2025 19:56:07.751 資訊 [main] org.apache.catalina.startup.VersionLoggerListener.log Command line argument: --add-opens=java.rmi/sun.rmi.transport=ALL-UNNAMED
05-May-2025 19:56:07.752 資訊 [main] org.apache.catalina.startup.VersionLoggerListener.log Command line argument: -Djava.util.logging.config.file=C:\Users\好人\Desktop\入門到入墳\somebody_help_me\apache-tomcat-9.0.104-windows-x64\apache-tomcat-9.0.104\conf\logging.properties
05-May-2025 19:56:07.752 資訊 [main] org.apache.catalina.startup.VersionLoggerListener.log Command line argument: -Djava.util.logging.manager=org.apache.juli.ClassLoaderLogManager
05-May-2025 19:56:07.752 資訊 [main] org.apache.catalina.startup.VersionLoggerListener.log Command line argument: -Djdk.tls.ephemeralDHKeySize=2048
05-May-2025 19:56:07.752 資訊 [main] org.apache.catalina.startup.VersionLoggerListener.log Command line argument: -Djava.protocol.handler.pkgs=org.apache.catalina.webresources
05-May-2025 19:56:07.752 資訊 [main] org.apache.catalina.startup.VersionLoggerListener.log Command line argument: -Dsun.io.useCanonCaches=false
05-May-2025 19:56:07.753 資訊 [main] org.apache.catalina.startup.VersionLoggerListener.log Command line argument: -Dignore.endorsed.dirs=
05-May-2025 19:56:07.753 資訊 [main] org.apache.catalina.startup.VersionLoggerListener.log Command line argument: -Dcatalina.base=C:\Users\好人\Desktop\入門到入墳\somebody_help_me\apache-tomcat-9.0.104-windows-x64\apache-tomcat-9.0.104
05-May-2025 19:56:07.753 資訊 [main] org.apache.catalina.startup.VersionLoggerListener.log Command line argument: -Dcatalina.home=C:\Users\好人\Desktop\入門到入墳\somebody_help_me\apache-tomcat-9.0.104-windows-x64\apache-tomcat-9.0.104
05-May-2025 19:56:07.753 資訊 [main] org.apache.catalina.startup.VersionLoggerListener.log Command line argument: -Djava.io.tmpdir=C:\Users\好人\Desktop\入門到入墳\somebody_help_me\apache-tomcat-9.0.104-windows-x64\apache-tomcat-9.0.104\temp
05-May-2025 19:56:07.762 資訊 [main] org.apache.catalina.core.AprLifecycleListener.lifecycleEvent Loaded Apache Tomcat Native library [1.3.1] using APR version [1.7.4].
05-May-2025 19:56:07.762 資訊 [main] org.apache.catalina.core.AprLifecycleListener.lifecycleEvent APR capabilities: IPv6 [true], sendfile [true], accept filters [false], random [true], UDS [true].
05-May-2025 19:56:07.762 資訊 [main] org.apache.catalina.core.AprLifecycleListener.lifecycleEvent APR/OpenSSL configuration: useAprConnector [false], useOpenSSL [true]
05-May-2025 19:56:07.769 資訊 [main] org.apache.catalina.core.AprLifecycleListener.initializeSSL OpenSSL successfully initialized [OpenSSL 3.0.14 4 Jun 2024]
05-May-2025 19:56:07.954 資訊 [main] org.apache.coyote.AbstractProtocol.init Initializing ProtocolHandler ["http-nio-8080"]
05-May-2025 19:56:07.976 資訊 [main] org.apache.catalina.startup.Catalina.load Server initialization in [404] milliseconds
05-May-2025 19:56:08.026 資訊 [main] org.apache.catalina.core.StandardService.startInternal Starting service [Catalina]
05-May-2025 19:56:08.026 資訊 [main] org.apache.catalina.core.StandardEngine.startInternal Starting Servlet engine: [Apache Tomcat/9.0.104]
05-May-2025 19:56:08.033 資訊 [main] org.apache.catalina.startup.HostConfig.deployDirectory Deploying web application directory [C:\Users\好人\Desktop\入門到入墳\somebody_help_me\apache-tomcat-9.0.104-windows-x64\apache-tomcat-9.0.104\webapps\ch4]
05-May-2025 19:56:08.279 資訊 [main] org.apache.catalina.startup.HostConfig.deployDirectory Deployment of web application directory [C:\Users\好人\Desktop\入門到入墳\somebody_help_me\apache-tomcat-9.0.104-windows-x64\apache-tomcat-9.0.104\webapps\ch4] has finished in [246] ms
05-May-2025 19:56:08.279 資訊 [main] org.apache.catalina.startup.HostConfig.deployDirectory Deploying web application directory [C:\Users\好人\Desktop\入門到入墳\somebody_help_me\apache-tomcat-9.0.104-windows-x64\apache-tomcat-9.0.104\webapps\ch7]
05-May-2025 19:56:08.300 資訊 [main] org.apache.catalina.startup.HostConfig.deployDirectory Deployment of web application directory [C:\Users\好人\Desktop\入門到入墳\somebody_help_me\apache-tomcat-9.0.104-windows-x64\apache-tomcat-9.0.104\webapps\ch7] has finished in [21] ms
05-May-2025 19:56:08.301 資訊 [main] org.apache.catalina.startup.HostConfig.deployDirectory Deploying web application directory [C:\Users\好人\Desktop\入門到入墳\somebody_help_me\apache-tomcat-9.0.104-windows-x64\apache-tomcat-9.0.104\webapps\docs]
05-May-2025 19:56:08.328 資訊 [main] org.apache.catalina.startup.HostConfig.deployDirectory Deployment of web application directory [C:\Users\好人\Desktop\入門到入墳\somebody_help_me\apache-tomcat-9.0.104-windows-x64\apache-tomcat-9.0.104\webapps\docs] has finished in [26] ms
05-May-2025 19:56:08.328 資訊 [main] org.apache.catalina.startup.HostConfig.deployDirectory Deploying web application directory [C:\Users\好人\Desktop\入門到入墳\somebody_help_me\apache-tomcat-9.0.104-windows-x64\apache-tomcat-9.0.104\webapps\examples]
05-May-2025 19:56:08.691 資訊 [main] org.apache.catalina.startup.HostConfig.deployDirectory Deployment of web application directory [C:\Users\好人\Desktop\入門到入墳\somebody_help_me\apache-tomcat-9.0.104-windows-x64\apache-tomcat-9.0.104\webapps\examples] has finished in [363] ms
05-May-2025 19:56:08.691 資訊 [main] org.apache.catalina.startup.HostConfig.deployDirectory Deploying web application directory [C:\Users\好人\Desktop\入門到入墳\somebody_help_me\apache-tomcat-9.0.104-windows-x64\apache-tomcat-9.0.104\webapps\host-manager]
05-May-2025 19:56:08.723 資訊 [main] org.apache.catalina.startup.HostConfig.deployDirectory Deployment of web application directory [C:\Users\好人\Desktop\入門到入墳\somebody_help_me\apache-tomcat-9.0.104-windows-x64\apache-tomcat-9.0.104\webapps\host-manager] has finished in [32] ms
05-May-2025 19:56:08.723 資訊 [main] org.apache.catalina.startup.HostConfig.deployDirectory Deploying web application directory [C:\Users\好人\Desktop\入門到入墳\somebody_help_me\apache-tomcat-9.0.104-windows-x64\apache-tomcat-9.0.104\webapps\JSP]
05-May-2025 19:56:08.745 資訊 [main] org.apache.catalina.startup.HostConfig.deployDirectory Deployment of web application directory [C:\Users\好人\Desktop\入門到入墳\somebody_help_me\apache-tomcat-9.0.104-windows-x64\apache-tomcat-9.0.104\webapps\JSP] has finished in [22] ms
05-May-2025 19:56:08.746 資訊 [main] org.apache.catalina.startup.HostConfig.deployDirectory Deploying web application directory [C:\Users\好人\Desktop\入門到入墳\somebody_help_me\apache-tomcat-9.0.104-windows-x64\apache-tomcat-9.0.104\webapps\manager]
05-May-2025 19:56:08.779 資訊 [main] org.apache.catalina.startup.HostConfig.deployDirectory Deployment of web application directory [C:\Users\好人\Desktop\入門到入墳\somebody_help_me\apache-tomcat-9.0.104-windows-x64\apache-tomcat-9.0.104\webapps\manager] has finished in [33] ms
05-May-2025 19:56:08.780 資訊 [main] org.apache.catalina.startup.HostConfig.deployDirectory Deploying web application directory [C:\Users\好人\Desktop\入門到入墳\somebody_help_me\apache-tomcat-9.0.104-windows-x64\apache-tomcat-9.0.104\webapps\ROOT]
05-May-2025 19:56:08.803 資訊 [main] org.apache.catalina.startup.HostConfig.deployDirectory Deployment of web application directory [C:\Users\好人\Desktop\入門到入墳\somebody_help_me\apache-tomcat-9.0.104-windows-x64\apache-tomcat-9.0.104\webapps\ROOT] has finished in [23] ms
05-May-2025 19:56:08.814 資訊 [main] org.apache.coyote.AbstractProtocol.start Starting ProtocolHandler ["http-nio-8080"]
05-May-2025 19:56:08.853 資訊 [main] org.apache.catalina.startup.Catalina.start Server startup in [876] milliseconds
