23-May-2025 13:07:32.755 資訊 [main] org.apache.catalina.startup.VersionLoggerListener.log Server version name:   Apache Tomcat/9.0.104
23-May-2025 13:07:32.760 資訊 [main] org.apache.catalina.startup.VersionLoggerListener.log Server built:          Apr 4 2025 12:32:55 UTC
23-May-2025 13:07:32.761 資訊 [main] org.apache.catalina.startup.VersionLoggerListener.log Server version number: 9.0.104.0
23-May-2025 13:07:32.761 資訊 [main] org.apache.catalina.startup.VersionLoggerListener.log OS Name:               Windows 11
23-May-2025 13:07:32.761 資訊 [main] org.apache.catalina.startup.VersionLoggerListener.log OS Version:            10.0
23-May-2025 13:07:32.761 資訊 [main] org.apache.catalina.startup.VersionLoggerListener.log Architecture:          amd64
23-May-2025 13:07:32.762 資訊 [main] org.apache.catalina.startup.VersionLoggerListener.log Java Home:             C:\Program Files (x86)\Android\openjdk\jdk-17.0.8.101-hotspot
23-May-2025 13:07:32.762 資訊 [main] org.apache.catalina.startup.VersionLoggerListener.log JVM Version:           17.0.8.1+1-LTS
23-May-2025 13:07:32.762 資訊 [main] org.apache.catalina.startup.VersionLoggerListener.log JVM Vendor:            Microsoft
23-May-2025 13:07:32.763 資訊 [main] org.apache.catalina.startup.VersionLoggerListener.log CATALINA_BASE:         C:\Users\yudaya\Desktop\somebody_help_me\apache-tomcat-9.0.104-windows-x64\apache-tomcat-9.0.104
23-May-2025 13:07:32.763 資訊 [main] org.apache.catalina.startup.VersionLoggerListener.log CATALINA_HOME:         C:\Users\yudaya\Desktop\somebody_help_me\apache-tomcat-9.0.104-windows-x64\apache-tomcat-9.0.104
23-May-2025 13:07:32.775 資訊 [main] org.apache.catalina.startup.VersionLoggerListener.log Command line argument: --add-opens=java.base/java.lang=ALL-UNNAMED
23-May-2025 13:07:32.776 資訊 [main] org.apache.catalina.startup.VersionLoggerListener.log Command line argument: --add-opens=java.base/java.lang.invoke=ALL-UNNAMED
23-May-2025 13:07:32.776 資訊 [main] org.apache.catalina.startup.VersionLoggerListener.log Command line argument: --add-opens=java.base/java.lang.reflect=ALL-UNNAMED
23-May-2025 13:07:32.776 資訊 [main] org.apache.catalina.startup.VersionLoggerListener.log Command line argument: --add-opens=java.base/java.io=ALL-UNNAMED
23-May-2025 13:07:32.777 資訊 [main] org.apache.catalina.startup.VersionLoggerListener.log Command line argument: --add-opens=java.base/java.util=ALL-UNNAMED
23-May-2025 13:07:32.777 資訊 [main] org.apache.catalina.startup.VersionLoggerListener.log Command line argument: --add-opens=java.base/java.util.concurrent=ALL-UNNAMED
23-May-2025 13:07:32.777 資訊 [main] org.apache.catalina.startup.VersionLoggerListener.log Command line argument: --add-opens=java.rmi/sun.rmi.transport=ALL-UNNAMED
23-May-2025 13:07:32.777 資訊 [main] org.apache.catalina.startup.VersionLoggerListener.log Command line argument: -Djava.util.logging.config.file=C:\Users\yudaya\Desktop\somebody_help_me\apache-tomcat-9.0.104-windows-x64\apache-tomcat-9.0.104\conf\logging.properties
23-May-2025 13:07:32.777 資訊 [main] org.apache.catalina.startup.VersionLoggerListener.log Command line argument: -Djava.util.logging.manager=org.apache.juli.ClassLoaderLogManager
23-May-2025 13:07:32.777 資訊 [main] org.apache.catalina.startup.VersionLoggerListener.log Command line argument: -Djdk.tls.ephemeralDHKeySize=2048
23-May-2025 13:07:32.778 資訊 [main] org.apache.catalina.startup.VersionLoggerListener.log Command line argument: -Djava.protocol.handler.pkgs=org.apache.catalina.webresources
23-May-2025 13:07:32.778 資訊 [main] org.apache.catalina.startup.VersionLoggerListener.log Command line argument: -Dsun.io.useCanonCaches=false
23-May-2025 13:07:32.778 資訊 [main] org.apache.catalina.startup.VersionLoggerListener.log Command line argument: -Dignore.endorsed.dirs=
23-May-2025 13:07:32.778 資訊 [main] org.apache.catalina.startup.VersionLoggerListener.log Command line argument: -Dcatalina.base=C:\Users\yudaya\Desktop\somebody_help_me\apache-tomcat-9.0.104-windows-x64\apache-tomcat-9.0.104
23-May-2025 13:07:32.778 資訊 [main] org.apache.catalina.startup.VersionLoggerListener.log Command line argument: -Dcatalina.home=C:\Users\yudaya\Desktop\somebody_help_me\apache-tomcat-9.0.104-windows-x64\apache-tomcat-9.0.104
23-May-2025 13:07:32.778 資訊 [main] org.apache.catalina.startup.VersionLoggerListener.log Command line argument: -Djava.io.tmpdir=C:\Users\yudaya\Desktop\somebody_help_me\apache-tomcat-9.0.104-windows-x64\apache-tomcat-9.0.104\temp
23-May-2025 13:07:32.789 資訊 [main] org.apache.catalina.core.AprLifecycleListener.lifecycleEvent The Apache Tomcat Native library which allows using OpenSSL was not found on the java.library.path: [C:\Program Files (x86)\Android\openjdk\jdk-17.0.8.101-hotspot\bin;C:\WINDOWS\Sun\Java\bin;C:\WINDOWS\system32;C:\WINDOWS;C:\Program Files\Common Files\Oracle\Java\javapath;C:\Windows\system32;C:\Windows;C:\Windows\System32\Wbem;C:\Windows\System32\WindowsPowerShell\v1.0\;C:\Windows\System32\OpenSSH\;C:\Program Files (x86)\NVIDIA Corporation\PhysX\Common;C:\Program Files\NVIDIA Corporation\NVIDIA NvDLISR;C:\WINDOWS\system32;C:\WINDOWS;C:\WINDOWS\System32\Wbem;C:\WINDOWS\System32\WindowsPowerShell\v1.0\;C:\WINDOWS\System32\OpenSSH\;C:\Program Files\Microsoft SQL Server\150\Tools\Binn\;C:\Program Files\Microsoft SQL Server\Client SDK\ODBC\170\Tools\Binn\;C:\Program Files\dotnet\;C:\Program Files (x86)\Windows Kits\10\Windows Performance Toolkit\;C:\Program Files\Git\cmd;C:\Program Files (x86)\Android\android-sdk\platform-tools;C:\Program Files (x86)\Android\android-sdk\cmdline-tools\7.0\bin;C:\Program Files (x86)\Android\openjdk\jdk-17.0.8.101-hotspot\bin;C:\Users\yudaya\AppData\Local\Microsoft\WindowsApps;C:\Users\yudaya\.dotnet\tools;C:\Users\藤井夕夜\AppData\Local\GitHubDesktop\bin;C:\Users\藤井夕夜\AppData\Local\Programs\Microsoft VS Code\bin;C:\flutter\bin;;.]
23-May-2025 13:07:33.031 資訊 [main] org.apache.coyote.AbstractProtocol.init Initializing ProtocolHandler ["http-nio-8080"]
23-May-2025 13:07:33.059 資訊 [main] org.apache.catalina.startup.Catalina.load Server initialization in [503] milliseconds
23-May-2025 13:07:33.115 資訊 [main] org.apache.catalina.core.StandardService.startInternal Starting service [Catalina]
23-May-2025 13:07:33.116 資訊 [main] org.apache.catalina.core.StandardEngine.startInternal Starting Servlet engine: [Apache Tomcat/9.0.104]
23-May-2025 13:07:33.125 資訊 [main] org.apache.catalina.startup.HostConfig.deployDirectory Deploying web application directory [C:\Users\yudaya\Desktop\somebody_help_me\apache-tomcat-9.0.104-windows-x64\apache-tomcat-9.0.104\webapps\ch4]
23-May-2025 13:07:33.403 資訊 [main] org.apache.catalina.startup.HostConfig.deployDirectory Deployment of web application directory [C:\Users\yudaya\Desktop\somebody_help_me\apache-tomcat-9.0.104-windows-x64\apache-tomcat-9.0.104\webapps\ch4] has finished in [279] ms
23-May-2025 13:07:33.404 資訊 [main] org.apache.catalina.startup.HostConfig.deployDirectory Deploying web application directory [C:\Users\yudaya\Desktop\somebody_help_me\apache-tomcat-9.0.104-windows-x64\apache-tomcat-9.0.104\webapps\ch7]
23-May-2025 13:07:33.435 資訊 [main] org.apache.catalina.startup.HostConfig.deployDirectory Deployment of web application directory [C:\Users\yudaya\Desktop\somebody_help_me\apache-tomcat-9.0.104-windows-x64\apache-tomcat-9.0.104\webapps\ch7] has finished in [31] ms
23-May-2025 13:07:33.436 資訊 [main] org.apache.catalina.startup.HostConfig.deployDirectory Deploying web application directory [C:\Users\yudaya\Desktop\somebody_help_me\apache-tomcat-9.0.104-windows-x64\apache-tomcat-9.0.104\webapps\docs]
23-May-2025 13:07:33.467 資訊 [main] org.apache.catalina.startup.HostConfig.deployDirectory Deployment of web application directory [C:\Users\yudaya\Desktop\somebody_help_me\apache-tomcat-9.0.104-windows-x64\apache-tomcat-9.0.104\webapps\docs] has finished in [32] ms
23-May-2025 13:07:33.468 資訊 [main] org.apache.catalina.startup.HostConfig.deployDirectory Deploying web application directory [C:\Users\yudaya\Desktop\somebody_help_me\apache-tomcat-9.0.104-windows-x64\apache-tomcat-9.0.104\webapps\examples]
23-May-2025 13:07:33.828 資訊 [main] org.apache.catalina.startup.HostConfig.deployDirectory Deployment of web application directory [C:\Users\yudaya\Desktop\somebody_help_me\apache-tomcat-9.0.104-windows-x64\apache-tomcat-9.0.104\webapps\examples] has finished in [359] ms
23-May-2025 13:07:33.829 資訊 [main] org.apache.catalina.startup.HostConfig.deployDirectory Deploying web application directory [C:\Users\yudaya\Desktop\somebody_help_me\apache-tomcat-9.0.104-windows-x64\apache-tomcat-9.0.104\webapps\host-manager]
23-May-2025 13:07:33.861 資訊 [main] org.apache.catalina.startup.HostConfig.deployDirectory Deployment of web application directory [C:\Users\yudaya\Desktop\somebody_help_me\apache-tomcat-9.0.104-windows-x64\apache-tomcat-9.0.104\webapps\host-manager] has finished in [32] ms
23-May-2025 13:07:33.862 資訊 [main] org.apache.catalina.startup.HostConfig.deployDirectory Deploying web application directory [C:\Users\yudaya\Desktop\somebody_help_me\apache-tomcat-9.0.104-windows-x64\apache-tomcat-9.0.104\webapps\JSP]
23-May-2025 13:07:33.881 資訊 [main] org.apache.catalina.startup.HostConfig.deployDirectory Deployment of web application directory [C:\Users\yudaya\Desktop\somebody_help_me\apache-tomcat-9.0.104-windows-x64\apache-tomcat-9.0.104\webapps\JSP] has finished in [19] ms
23-May-2025 13:07:33.881 資訊 [main] org.apache.catalina.startup.HostConfig.deployDirectory Deploying web application directory [C:\Users\yudaya\Desktop\somebody_help_me\apache-tomcat-9.0.104-windows-x64\apache-tomcat-9.0.104\webapps\manager]
23-May-2025 13:07:33.911 資訊 [main] org.apache.catalina.startup.HostConfig.deployDirectory Deployment of web application directory [C:\Users\yudaya\Desktop\somebody_help_me\apache-tomcat-9.0.104-windows-x64\apache-tomcat-9.0.104\webapps\manager] has finished in [30] ms
23-May-2025 13:07:33.912 資訊 [main] org.apache.catalina.startup.HostConfig.deployDirectory Deploying web application directory [C:\Users\yudaya\Desktop\somebody_help_me\apache-tomcat-9.0.104-windows-x64\apache-tomcat-9.0.104\webapps\ROOT]
23-May-2025 13:07:33.933 資訊 [main] org.apache.catalina.startup.HostConfig.deployDirectory Deployment of web application directory [C:\Users\yudaya\Desktop\somebody_help_me\apache-tomcat-9.0.104-windows-x64\apache-tomcat-9.0.104\webapps\ROOT] has finished in [21] ms
23-May-2025 13:07:33.936 資訊 [main] org.apache.coyote.AbstractProtocol.start Starting ProtocolHandler ["http-nio-8080"]
23-May-2025 13:07:33.971 資訊 [main] org.apache.catalina.startup.Catalina.start Server startup in [911] milliseconds
