c:\users\ketty\source\repos\sokoban2\debug\sokoban2.pch
c:\users\ketty\source\repos\sokoban2\debug\vc142.pdb
c:\users\ketty\source\repos\sokoban2\debug\vc142.idb
c:\users\ketty\source\repos\sokoban2\debug\pch.obj
c:\users\ketty\source\repos\sokoban2\debug\sokoban2doc.obj
c:\users\ketty\source\repos\sokoban2\debug\sokoban2.obj
c:\users\ketty\source\repos\sokoban2\debug\mainfrm.obj
c:\users\ketty\source\repos\sokoban2\debug\sokoban2view.obj
c:\users\ketty\source\repos\sokoban2\debug\sokoban2.exe
c:\users\ketty\source\repos\sokoban2\debug\sokoban2.ilk
c:\users\ketty\source\repos\sokoban2\debug\sokoban2.pdb
c:\users\ketty\source\repos\sokoban2\debug\sokoban2.res
c:\users\ketty\source\repos\sokoban2\debug\sokoban2.tlog\cl.command.1.tlog
c:\users\ketty\source\repos\sokoban2\debug\sokoban2.tlog\cl.read.1.tlog
c:\users\ketty\source\repos\sokoban2\debug\sokoban2.tlog\cl.write.1.tlog
c:\users\ketty\source\repos\sokoban2\debug\sokoban2.tlog\link.command.1.tlog
c:\users\ketty\source\repos\sokoban2\debug\sokoban2.tlog\link.read.1.tlog
c:\users\ketty\source\repos\sokoban2\debug\sokoban2.tlog\link.write.1.tlog
c:\users\ketty\source\repos\sokoban2\debug\sokoban2.tlog\rc.command.1.tlog
c:\users\ketty\source\repos\sokoban2\debug\sokoban2.tlog\rc.read.1.tlog
c:\users\ketty\source\repos\sokoban2\debug\sokoban2.tlog\rc.write.1.tlog
