Microsoft (R) Macro Assembler Version 14.44.35219.0	    12/07/25 18:33:11
H2_111216019.asm					     Page 1 - 1


				; 作者: 111216019 蔡芳宇
				; 輸入說明: 單行輸入四則運算式，數字與運算元不得有空白且只能輸入正整數
				; 輸出說明: 含正負號之結果
				; 數值上限: 結果(包含中途計算上限)可為: -32768~32767，最多連續輸入50個數字、50個運算元，總字串長度不得超過 500 字元
				; 自評分數: 20%+60%+20%

				INCLUDE Irvine32.inc
			      C ; Include file for Irvine32.lib             (Irvine32.inc)
			      C 
			      C ;OPTION CASEMAP:NONE		; optional: make identifiers case-sensitive
			      C 
			      C INCLUDE SmallWin.inc		; MS-Windows prototypes, structures, and constants
			      C .NOLIST
			      C .LIST
			      C 
			      C INCLUDE VirtualKeys.inc
			      C ; VirtualKeys.inc
			      C .NOLIST
			      C .LIST
			      C 
			      C 
			      C .NOLIST
			      C .LIST
			      C 
				includelib Irvine32.lib

				.386
				.model flat,stdcall
H2_111216019.asm(11) : warning A4011:multiple .MODEL directives found : .MODEL ignored
				.stack 4096
				ExitProcess proto,dwExitCode:dword

 00000000			.data
 00000000  000001F5 [		buffer BYTE 501 DUP(?) ;上限輸入500字元
	    00
	   ]
 000001F5  00000032 [		operand SWORD 50 DUP(?)   ;上限輸入50數字
	    0000
	   ]
 00000259  00000032 [		operator BYTE 50 DUP(?)   ;上限輸入50數字
	    00
	   ]
 0000028B 0000			operand_index WORD 0
 0000028D 0000			operator_index WORD 0
 0000028F 0000			now WORD 0
 00000291 00			now_char BYTE ?
 00000292 00			changed BYTE 0 ;數值是否被改變過flag
 00000293 00			count BYTE 0 ;是否做運算flag
 00000294 00			temp BYTE ? ;暫存用

 00000295 64 69 76 69 73	error BYTE "divisor can't be 0 !!!",0
	   6F 72 20 63 61
	   6E 27 74 20 62
	   65 20 30 20 21
	   21 21 00

				;運算元優先權表
 000002AC 2B 01			CaseTable BYTE '+',1
 000002AE = 00000002		          EntrySize = ($ - CaseTable)
 000002AE  2D 01		          BYTE '-',1
 000002B0  2A 02		          BYTE '*',2
 000002B2  2F 02		          BYTE '/',2
 000002B4  28 00		          BYTE '(',0
 000002B6  29 03		          BYTE ')',3
 000002B8
 = 00000006			NumberOfEntries = ($ - CaseTable)/EntrySize

				find_priority PROTO,
				    front:BYTE, 
				    back:BYTE

				calculate PROTO

 00000000			.code
 00000000			main proc

 00000000  BE 000001F5 R	    mov esi,OFFSET operand
 00000005  BF 00000259 R	    mov edi,OFFSET operator
 0000000A  BA 00000000 R	    mov edx, OFFSET buffer ;輸入輸出均放到edx
 0000000F  B9 000001F5		    mov ecx, LENGTHOF buffer  
 00000014  E8 00000000 E	    call ReadString

				    ;將字串轉轉存到operand中
				    .REPEAT 
 00000019		   *@C0001:
 00000019  8A 02		        mov al,[edx] ;當前字元

 0000001B  A2 00000291 R	        mov now_char,al 
 00000020  80 3D 00000291 R	        cmp now_char, 0 
	   00
 00000027  0F 84 0000014B	        je done ;到結束字元跳出迴圈

				        .IF now_char == '(' || now_char == ')' || now_char == '+' || now_char == '-' || now_char == '*' || now_char == '/'          
 0000002D  80 3D 00000291 R
	   28		   *	    cmp    now_char, '('
 00000034  74 31	   *	    je	@C0003
 00000036  80 3D 00000291 R
	   29		   *	    cmp    now_char, ')'
 0000003D  74 28	   *	    je	@C0003
 0000003F  80 3D 00000291 R
	   2B		   *	    cmp    now_char, '+'
 00000046  74 1F	   *	    je	@C0003
 00000048  80 3D 00000291 R
	   2D		   *	    cmp    now_char, '-'
 0000004F  74 16	   *	    je	@C0003
 00000051  80 3D 00000291 R
	   2A		   *	    cmp    now_char, '*'
 00000058  74 0D	   *	    je	@C0003
 0000005A  80 3D 00000291 R
	   2F		   *	    cmp    now_char, '/'
 00000061  0F 85 000000D5  *	    jne    @C0002
 00000067		   *@C0003:

 00000067  80 3D 00000292 R	              cmp changed,0
	   00

 0000006E  74 24		              je not_changed ;若沒變化不存入operand

				              ;存入數值
 00000070  66| 8B 1D		              mov BX,now
	   0000028F R
 00000077  66| 89 1E		              mov [esi],BX 
 0000007A  83 C6 02		              add esi, TYPE operand
 0000007D  66| C7 05		              mov now, 0 ; now為暫存值
	   0000028F R
	   0000
 00000086  66| FF 05		              inc operand_index ;operand元素+1
	   0000028B R
 0000008D  C6 05 00000292 R	              mov changed,0
	   00

 00000094			              not_changed:

				              ;右括號
				              .IF now_char == ')'
 00000094  80 3D 00000291 R
	   29		   *	    cmp    now_char, ')'
 0000009B  75 1F	   *	    jne    @C0009

				                    ;pop到左括號為止
				                    .REPEAT 
 0000009D		   *@C000B:
 0000009D  8A 47 FF		                        mov al,[edi - TYPE operator]
				                        .IF al != '('
 000000A0  3C 28	   *	    cmp    al, '('
 000000A2  74 05	   *	    je	@C000C
 000000A4  E8 00000165		                            call calculate
				                        .ENDIF
 000000A9		   *@C000C:
 000000A9  83 EF 01		                        sub edi, TYPE operator 
 000000AC  66| FF 0D		                        dec operator_index ;operator元素-1
	   0000028D R

				                    .UNTIL al == '(' 
 000000B3  3C 28	   *	    cmp    al, '('
 000000B5  75 E6	   *	    jne    @C000B

				              ;左括號
				              .ELSEIF now_char == '('
 000000B7  E9 000000AE	   *	    jmp    @C000F
 000000BC		   *@C0009:
 000000BC  80 3D 00000291 R
	   28		   *	    cmp    now_char, '('
 000000C3  75 17	   *	    jne    @C0010
 000000C5  8A 1D 00000291 R	                    mov BL,now_char
 000000CB  88 1F		                    mov [edi],BL
 000000CD  83 C7 01		                    add edi, TYPE operator
 000000D0  66| FF 05		                    inc operator_index ;operator元素+1
	   0000028D R

				              ; +-*/
				              .ELSE
 000000D7  E9 0000008E	   *	    jmp    @C0012
 000000DC		   *@C0010:
				                    ;做到當前優先權大於stack top可push為止
				                    .REPEAT 
 000000DC		   *@C0013:
 000000DC  66| 83 3D		                        cmp operator_index,0
	   0000028D R 00
 000000E4  76 42		                        jna only_one ;若包含當前只有一個運算元直接跳出
				               
 000000E6  8A 47 FF		                        mov al,[edi - TYPE operator]
				                        .IF al != '('
 000000E9  3C 28	   *	    cmp    al, '('
 000000EB  74 2E	   *	    je	@C0014
 000000ED  A2 00000294 R	                            mov temp,al

				                            ;比較優先權
				                            INVOKE find_priority,temp,now_char
 000000F2  A0 00000291 R   *	    mov    al, now_char
 000000F7  50		   *	    push   eax
 000000F8  A0 00000294 R   *	    mov    al, temp
 000000FD  50		   *	    push   eax
 000000FE  E8 000000BD	   *	    call   find_priority

				                            .IF count == 1
 00000103  80 3D 00000293 R
	   01		   *	    cmp    count, 001h
 0000010A  75 0F	   *	    jne    @C0016
				                                
				                                ;四則運算
 0000010C  E8 000000FD		                                call calculate
 00000111  83 EF 01		                                sub edi, TYPE operator
 00000114  66| FF 0D		                                dec operator_index ;operator元素-1
	   0000028D R

				                            .ENDIF
				                        .ENDIF
 0000011B		   *@C0016:
				                    .UNTIL al == '(' || count == 0
 0000011B		   *@C0014:
 0000011B  3C 28	   *	    cmp    al, '('
 0000011D  74 09	   *	    je	@C0018
 0000011F  80 3D 00000293 R
	   00		   *	    cmp    count, 000h
 00000126  75 B4	   *	    jne    @C0013

 00000128			                    only_one:

				                    ;存入operator
 00000128		   *@C0018:
 00000128  8A 1D 00000291 R	                    mov BL,now_char
 0000012E  88 1F		                    mov [edi],BL
 00000130  83 C7 01		                    add edi, TYPE operator
 00000133  66| FF 05		                    inc operator_index ;operator元素+1
	   0000028D R

				              .ENDIF

				        .ELSE 
 0000013A  EB 2E	   *	    jmp    @C001A
 0000013C		   *@C0002:
 0000013C  66| A1		              mov ax,now ;now*=10
	   0000028F R
 00000142  66| BB 000A		              mov bx,10
 00000146  52			              push edx  ;防乘法破壞edx
 00000147  66| F7 E3		              mul bx
 0000014A  5A			              pop edx
 0000014B  66| A3		              mov now,ax
	   0000028F R
 00000151  A0 00000291 R	              mov al,now_char
 00000156  2C 30		              sub al,'0'  ;將字元轉為數字
 00000158  66| 0F B6 C8		              movzx cx,al 
 0000015C  66| 01 0D		              add now, cx
	   0000028F R
 00000163  C6 05 00000292 R	              mov changed,1
	   01

				        .ENDIF
 0000016A		   *@C001A:
 0000016A		   *@C0012:
 0000016A		   *@C000F:
 0000016A  42			        inc edx ;下一個字元


				    .UNTIL now_char == 0
 0000016B  80 3D 00000291 R
	   00		   *	    cmp    now_char, 000h
 00000172  0F 85 FFFFFEA1  *	    jne    @C0001

 00000178			    done:
 00000178  80 3D 00000292 R	    cmp changed,0
	   00

 0000017F  74 14		    je not_changed2 ;若沒變化不存入operand
 00000181  66| 8B 1D		    mov BX,now      ;存最後一個數字
	   0000028F R
 00000188  66| 89 1E		    mov [esi],BX
 0000018B  83 C6 02		    add esi, TYPE operand
 0000018E  66| FF 05		    inc operand_index
	   0000028B R

 00000195			    not_changed2:

 00000195  0F B7 0D		    movzx ecx,operator_index
	   0000028D R

				    ;遍歷剩餘operator做運算
 0000019C			    L2:
 0000019C  E8 0000006D		        call calculate
 000001A1  83 EF 01		        sub edi, TYPE operator
 000001A4  66| FF 0D		        dec operator_index
	   0000028D R
 000001AB  E2 EF		        loop L2

 000001AD  0F BF 05		    movsx eax,WORD PTR [operand]
	   000001F5 R
 000001B4  E8 00000000 E	    call WriteInt

				    invoke ExitProcess,0
 000001B9  6A 00	   *	    push   +000000000h
 000001BB  E8 00000000 E   *	    call   ExitProcess
 000001C0			main endp


				; -----------------------------
				; find_priority
				; 用途:比較當前運算元與 stack top 運算元優先權,及是否需要做四則運算
				; 回傳值: count ,1 = 需做運算,0 = 不需做運算
				; -----------------------------

 000001C0			find_priority PROC,
				    front:BYTE, 
				    back:BYTE
				    
				    local f:BYTE,b:BYTE
				    
 000001C0  55		   *	    push   ebp
 000001C1  8B EC	   *	    mov    ebp, esp
 000001C3  83 C4 FC	   *	    add    esp, 0FFFFFFFCh
 000001C6  53			    push ebx
 000001C7  51			    push ecx

				    
 000001C8  BB 000002AC R	    mov ebx,OFFSET CaseTable
 000001CD  B9 00000006		    mov ecx,NumberOfEntries

				    ;遍歷table找優先權
 000001D2			    L5:
 000001D2  8A 03		        mov al,[ebx] ;取運算元
 000001D4  3A 45 08		        cmp al,front
 000001D7  75 06		        jne notfound_front ;沒找到對應前運算元優先權
 000001D9  8A 63 01		        mov ah,[ebx+1]
 000001DC  88 65 FF		        mov f,ah ;取前優先權

 000001DF			        notfound_front:
 000001DF  3A 45 0C		        cmp al,back
 000001E2  75 06		        jne notfound_back ;沒找到對應後運算元優先權
 000001E4  8A 63 01		        mov ah,[ebx+1]
 000001E7  88 65 FE		        mov b,ah ;取後優先權
				        
 000001EA			        notfound_back:
 000001EA  81 C3 00000002	        add ebx,EntrySize
 000001F0  E2 E0		        loop L5
 000001F2  59			    pop ecx
 000001F3  5B			    pop ebx

				    ;比較優先權
 000001F4  8A 45 FE		    mov al,b
 000001F7  3A 45 FF		    cmp al,f

 000001FA  C6 05 00000293 R	    mov count,0 ;初始化為不需做運算
	   00
 00000201  77 07		    ja back_higher ;後項優先權較高
 00000203  C6 05 00000293 R	    mov count,1
	   01

 0000020A			    back_higher:

				    ret
 0000020A  C9		   *	    leave  
 0000020B  C2 0008	   *	    ret    00008h
 0000020E			find_priority ENDP

				; -----------------------------
				; calculate
				; 用途:實作四則運算
				; -----------------------------

 0000020E			calculate PROC
				    Local num_f:SWORD, num_b:SWORD, operator_now:BYTE
				    
				    ;取運算元
 0000020E  55		   *	    push   ebp
 0000020F  8B EC	   *	    mov    ebp, esp
 00000211  83 C4 F8	   *	    add    esp, 0FFFFFFF8h
 00000214  50			    push eax
 00000215  8A 47 FF		    mov al, [edi - TYPE operator]
 00000218  88 45 FB		    mov operator_now, al
 0000021B  58			    pop eax

				    ;取後數值
 0000021C  50			    push eax
 0000021D  66| 8B 46 FE		    mov ax, [esi - TYPE operand]
 00000221  66| 89 45 FC		    mov num_b, ax
 00000225  83 EE 02		    sub esi, TYPE operand
 00000228  66| FF 0D		    dec operand_index 
	   0000028B R

				    ;取前數值
 0000022F  66| 8B 46 FE		    mov ax, [esi - TYPE operand]
 00000233  66| 89 45 FE		    mov num_f, ax
 00000237  83 EE 02		    sub esi, TYPE operand
 0000023A  66| FF 0D		    dec operand_index 
	   0000028B R
 00000241  58			    pop eax

				    ;防值竄改
 00000242  50			    push eax
 00000243  53			    push ebx
 00000244  51			    push ecx
 00000245  52			    push edx

				    .IF operator_now == '+'
 00000246  80 7D FB 2B	   *	    cmp    operator_now, '+'
 0000024A  75 0A	   *	    jne    @C001C
 0000024C  66| 8B 45 FE		        mov ax,num_f
 00000250  66| 03 45 FC		        add ax, num_b

				    .ELSEIF operator_now == '-'
 00000254  EB 37	   *	    jmp    @C001E
 00000256		   *@C001C:
 00000256  80 7D FB 2D	   *	    cmp    operator_now, '-'
 0000025A  75 0A	   *	    jne    @C001F
 0000025C  66| 8B 45 FE		        mov ax,num_f
 00000260  66| 2B 45 FC		        sub ax, num_b

				    .ELSEIF operator_now == '*'
 00000264  EB 27	   *	    jmp    @C0021
 00000266		   *@C001F:
 00000266  80 7D FB 2A	   *	    cmp    operator_now, '*'
 0000026A  75 0A	   *	    jne    @C0022
 0000026C  66| 8B 45 FC		        mov ax,num_b
 00000270  66| F7 6D FE		        imul num_f

				    .ELSEIF operator_now == '/'
 00000274  EB 17	   *	    jmp    @C0024
 00000276		   *@C0022:
 00000276  80 7D FB 2F	   *	    cmp    operator_now, '/'
 0000027A  75 11	   *	    jne    @C0025

 0000027C  66| 83 7D FC		        cmp num_b,0
	   00
 00000281  74 1D		        je div_by_zero ;除以0錯誤處理

 00000283  66| 8B 45 FE		        mov ax,num_f
 00000287  66| 99		        CWD
 00000289  66| F7 7D FC		        idiv num_b
				    .ENDIF
 0000028D		   *@C0025:
 0000028D		   *@C0024:
 0000028D		   *@C0021:
 0000028D		   *@C001E:


				    ;存結果回operand (以上結果剛好都在ax)
 0000028D  66| 89 06		    mov [esi], ax
 00000290  83 C6 02		    add esi, TYPE operand
 00000293  66| FF 05		    inc operand_index
	   0000028B R

				    ;還原值
 0000029A  5A			    pop edx
 0000029B  59			    pop ecx
 0000029C  5B			    pop ebx
 0000029D  58			    pop eax

				    ret
 0000029E  C9		   *	    leave  
 0000029F  C3		   *	    ret    00000h
 000002A0			calculate ENDP

 000002A0			div_by_zero:
 000002A0  BA 00000295 R	    mov edx, OFFSET error
 000002A5  E8 00000000 E	    call WriteString
				    invoke ExitProcess,0
 000002AA  6A 00	   *	    push   +000000000h
 000002AC  E8 00000000 E   *	    call   ExitProcess

				END main
Microsoft (R) Macro Assembler Version 14.44.35219.0	    12/07/25 18:33:11
H2_111216019.asm					     Symbols 2 - 1




Structures and Unions:

                N a m e                  Size
                                         Offset      Type

CONSOLE_CURSOR_INFO  . . . . . .	 00000008
  dwSize . . . . . . . . . . . .	 00000000	 DWord
  bVisible . . . . . . . . . . .	 00000004	 DWord
CONSOLE_SCREEN_BUFFER_INFO . . .	 00000016
  dwSize . . . . . . . . . . . .	 00000000	 DWord
  dwCursorPosition . . . . . . .	 00000004	 DWord
  wAttributes  . . . . . . . . .	 00000008	 Word
  srWindow . . . . . . . . . . .	 0000000A	 QWord
  dwMaximumWindowSize  . . . . .	 00000012	 DWord
COORD  . . . . . . . . . . . . .	 00000004
  X  . . . . . . . . . . . . . .	 00000000	 Word
  Y  . . . . . . . . . . . . . .	 00000002	 Word
FILETIME . . . . . . . . . . . .	 00000008
  loDateTime . . . . . . . . . .	 00000000	 DWord
  hiDateTime . . . . . . . . . .	 00000004	 DWord
FOCUS_EVENT_RECORD . . . . . . .	 00000004
  bSetFocus  . . . . . . . . . .	 00000000	 DWord
FPU_ENVIRON  . . . . . . . . . .	 0000001C
  controlWord  . . . . . . . . .	 00000000	 Word
  statusWord . . . . . . . . . .	 00000004	 Word
  tagWord  . . . . . . . . . . .	 00000008	 Word
  instrPointerOffset . . . . . .	 0000000C	 DWord
  instrPointerSelector . . . . .	 00000010	 DWord
  operandPointerOffset . . . . .	 00000014	 DWord
  operandPointerSelector . . . .	 00000018	 Word
INPUT_RECORD . . . . . . . . . .	 00000014
  EventType  . . . . . . . . . .	 00000000	 Word
  Event  . . . . . . . . . . . .	 00000004	 XmmWord
  bKeyDown . . . . . . . . . . .	 00000000	 DWord
  wRepeatCount . . . . . . . . .	 00000004	 Word
  wVirtualKeyCode  . . . . . . .	 00000006	 Word
  wVirtualScanCode . . . . . . .	 00000008	 Word
  uChar  . . . . . . . . . . . .	 0000000A	 Word
  UnicodeChar  . . . . . . . . .	 00000000	 Word
  AsciiChar  . . . . . . . . . .	 00000000	 Byte
  dwControlKeyState  . . . . . .	 0000000C	 DWord
  dwMousePosition  . . . . . . .	 00000000	 DWord
  dwButtonState  . . . . . . . .	 00000004	 DWord
  dwMouseControlKeyState . . . .	 00000008	 DWord
  dwEventFlags . . . . . . . . .	 0000000C	 DWord
  dwSize . . . . . . . . . . . .	 00000000	 DWord
  dwCommandId  . . . . . . . . .	 00000000	 DWord
  bSetFocus  . . . . . . . . . .	 00000000	 DWord
KEY_EVENT_RECORD . . . . . . . .	 00000010
  bKeyDown . . . . . . . . . . .	 00000000	 DWord
  wRepeatCount . . . . . . . . .	 00000004	 Word
  wVirtualKeyCode  . . . . . . .	 00000006	 Word
  wVirtualScanCode . . . . . . .	 00000008	 Word
  uChar  . . . . . . . . . . . .	 0000000A	 Word
  UnicodeChar  . . . . . . . . .	 00000000	 Word
  AsciiChar  . . . . . . . . . .	 00000000	 Byte
  dwControlKeyState  . . . . . .	 0000000C	 DWord
MENU_EVENT_RECORD  . . . . . . .	 00000004
  dwCommandId  . . . . . . . . .	 00000000	 DWord
MOUSE_EVENT_RECORD . . . . . . .	 00000010
  dwMousePosition  . . . . . . .	 00000000	 DWord
  dwButtonState  . . . . . . . .	 00000004	 DWord
  dwMouseControlKeyState . . . .	 00000008	 DWord
  dwEventFlags . . . . . . . . .	 0000000C	 DWord
SMALL_RECT . . . . . . . . . . .	 00000008
  Left . . . . . . . . . . . . .	 00000000	 Word
  Top  . . . . . . . . . . . . .	 00000002	 Word
  Right  . . . . . . . . . . . .	 00000004	 Word
  Bottom . . . . . . . . . . . .	 00000006	 Word
SYSTEMTIME . . . . . . . . . . .	 00000010
  wYear  . . . . . . . . . . . .	 00000000	 Word
  wMonth . . . . . . . . . . . .	 00000002	 Word
  wDayOfWeek . . . . . . . . . .	 00000004	 Word
  wDay . . . . . . . . . . . . .	 00000006	 Word
  wHour  . . . . . . . . . . . .	 00000008	 Word
  wMinute  . . . . . . . . . . .	 0000000A	 Word
  wSecond  . . . . . . . . . . .	 0000000C	 Word
  wMilliseconds  . . . . . . . .	 0000000E	 Word
WINDOW_BUFFER_SIZE_RECORD  . . .	 00000004
  dwSize . . . . . . . . . . . .	 00000000	 DWord


Segments and Groups:

                N a m e                 Size     Length   Align   Combine Class

FLAT . . . . . . . . . . . . . .	GROUP
STACK  . . . . . . . . . . . . .	32 Bit	 00001000 Para	  Stack	  'STACK'	 
_DATA  . . . . . . . . . . . . .	32 Bit	 000002B8 Para	  Public  'DATA'	
_TEXT  . . . . . . . . . . . . .	32 Bit	 000002B1 Para	  Public  'CODE'	


Procedures, parameters, and locals:

                N a m e                 Type     Value    Attr

CloseFile  . . . . . . . . . . .	P Near	 00000000 FLAT	Length= 00000000 External STDCALL
CloseHandle  . . . . . . . . . .	P Near	 00000000 FLAT	Length= 00000000 External STDCALL
Clrscr . . . . . . . . . . . . .	P Near	 00000000 FLAT	Length= 00000000 External STDCALL
CreateFileA  . . . . . . . . . .	P Near	 00000000 FLAT	Length= 00000000 External STDCALL
CreateOutputFile . . . . . . . .	P Near	 00000000 FLAT	Length= 00000000 External STDCALL
Crlf . . . . . . . . . . . . . .	P Near	 00000000 FLAT	Length= 00000000 External STDCALL
Delay  . . . . . . . . . . . . .	P Near	 00000000 FLAT	Length= 00000000 External STDCALL
DumpMem  . . . . . . . . . . . .	P Near	 00000000 FLAT	Length= 00000000 External STDCALL
DumpRegs . . . . . . . . . . . .	P Near	 00000000 FLAT	Length= 00000000 External STDCALL
ExitProcess  . . . . . . . . . .	P Near	 00000000 FLAT	Length= 00000000 External STDCALL
FileTimeToDosDateTime  . . . . .	P Near	 00000000 FLAT	Length= 00000000 External STDCALL
FileTimeToSystemTime . . . . . .	P Near	 00000000 FLAT	Length= 00000000 External STDCALL
FlushConsoleInputBuffer  . . . .	P Near	 00000000 FLAT	Length= 00000000 External STDCALL
FormatMessageA . . . . . . . . .	P Near	 00000000 FLAT	Length= 00000000 External STDCALL
GetCommandLineA  . . . . . . . .	P Near	 00000000 FLAT	Length= 00000000 External STDCALL
GetCommandTail . . . . . . . . .	P Near	 00000000 FLAT	Length= 00000000 External STDCALL
GetConsoleCP . . . . . . . . . .	P Near	 00000000 FLAT	Length= 00000000 External STDCALL
GetConsoleCursorInfo . . . . . .	P Near	 00000000 FLAT	Length= 00000000 External STDCALL
GetConsoleMode . . . . . . . . .	P Near	 00000000 FLAT	Length= 00000000 External STDCALL
GetConsoleScreenBufferInfo . . .	P Near	 00000000 FLAT	Length= 00000000 External STDCALL
GetDateTime  . . . . . . . . . .	P Near	 00000000 FLAT	Length= 00000000 External STDCALL
GetFileTime  . . . . . . . . . .	P Near	 00000000 FLAT	Length= 00000000 External STDCALL
GetKeyState  . . . . . . . . . .	P Near	 00000000 FLAT	Length= 00000000 External STDCALL
GetLastError . . . . . . . . . .	P Near	 00000000 FLAT	Length= 00000000 External STDCALL
GetLocalTime . . . . . . . . . .	P Near	 00000000 FLAT	Length= 00000000 External STDCALL
GetMaxXY . . . . . . . . . . . .	P Near	 00000000 FLAT	Length= 00000000 External STDCALL
GetMseconds  . . . . . . . . . .	P Near	 00000000 FLAT	Length= 00000000 External STDCALL
GetNumberOfConsoleInputEvents  .	P Near	 00000000 FLAT	Length= 00000000 External STDCALL
GetProcessHeap . . . . . . . . .	P Near	 00000000 FLAT	Length= 00000000 External STDCALL
GetStdHandle . . . . . . . . . .	P Near	 00000000 FLAT	Length= 00000000 External STDCALL
GetSystemTime  . . . . . . . . .	P Near	 00000000 FLAT	Length= 00000000 External STDCALL
GetTextColor . . . . . . . . . .	P Near	 00000000 FLAT	Length= 00000000 External STDCALL
GetTickCount . . . . . . . . . .	P Near	 00000000 FLAT	Length= 00000000 External STDCALL
Gotoxy . . . . . . . . . . . . .	P Near	 00000000 FLAT	Length= 00000000 External STDCALL
HeapAlloc  . . . . . . . . . . .	P Near	 00000000 FLAT	Length= 00000000 External STDCALL
HeapCreate . . . . . . . . . . .	P Near	 00000000 FLAT	Length= 00000000 External STDCALL
HeapDestroy  . . . . . . . . . .	P Near	 00000000 FLAT	Length= 00000000 External STDCALL
HeapFree . . . . . . . . . . . .	P Near	 00000000 FLAT	Length= 00000000 External STDCALL
HeapSize . . . . . . . . . . . .	P Near	 00000000 FLAT	Length= 00000000 External STDCALL
IsDigit  . . . . . . . . . . . .	P Near	 00000000 FLAT	Length= 00000000 External STDCALL
LocalFree  . . . . . . . . . . .	P Near	 00000000 FLAT	Length= 00000000 External STDCALL
MessageBoxA  . . . . . . . . . .	P Near	 00000000 FLAT	Length= 00000000 External STDCALL
MsgBoxAsk  . . . . . . . . . . .	P Near	 00000000 FLAT	Length= 00000000 External STDCALL
MsgBox . . . . . . . . . . . . .	P Near	 00000000 FLAT	Length= 00000000 External STDCALL
OpenInputFile  . . . . . . . . .	P Near	 00000000 FLAT	Length= 00000000 External STDCALL
ParseDecimal32 . . . . . . . . .	P Near	 00000000 FLAT	Length= 00000000 External STDCALL
ParseInteger32 . . . . . . . . .	P Near	 00000000 FLAT	Length= 00000000 External STDCALL
PeekConsoleInputA  . . . . . . .	P Near	 00000000 FLAT	Length= 00000000 External STDCALL
Random32 . . . . . . . . . . . .	P Near	 00000000 FLAT	Length= 00000000 External STDCALL
RandomRange  . . . . . . . . . .	P Near	 00000000 FLAT	Length= 00000000 External STDCALL
Randomize  . . . . . . . . . . .	P Near	 00000000 FLAT	Length= 00000000 External STDCALL
ReadChar . . . . . . . . . . . .	P Near	 00000000 FLAT	Length= 00000000 External STDCALL
ReadConsoleA . . . . . . . . . .	P Near	 00000000 FLAT	Length= 00000000 External STDCALL
ReadConsoleInputA  . . . . . . .	P Near	 00000000 FLAT	Length= 00000000 External STDCALL
ReadDec  . . . . . . . . . . . .	P Near	 00000000 FLAT	Length= 00000000 External STDCALL
ReadFile . . . . . . . . . . . .	P Near	 00000000 FLAT	Length= 00000000 External STDCALL
ReadFloat  . . . . . . . . . . .	P Near	 00000000 FLAT	Length= 00000000 External STDCALL
ReadFromFile . . . . . . . . . .	P Near	 00000000 FLAT	Length= 00000000 External STDCALL
ReadHex  . . . . . . . . . . . .	P Near	 00000000 FLAT	Length= 00000000 External STDCALL
ReadInt  . . . . . . . . . . . .	P Near	 00000000 FLAT	Length= 00000000 External STDCALL
ReadKeyFlush . . . . . . . . . .	P Near	 00000000 FLAT	Length= 00000000 External STDCALL
ReadKey  . . . . . . . . . . . .	P Near	 00000000 FLAT	Length= 00000000 External STDCALL
ReadString . . . . . . . . . . .	P Near	 00000000 FLAT	Length= 00000000 External STDCALL
SetConsoleCursorInfo . . . . . .	P Near	 00000000 FLAT	Length= 00000000 External STDCALL
SetConsoleCursorPosition . . . .	P Near	 00000000 FLAT	Length= 00000000 External STDCALL
SetConsoleMode . . . . . . . . .	P Near	 00000000 FLAT	Length= 00000000 External STDCALL
SetConsoleScreenBufferSize . . .	P Near	 00000000 FLAT	Length= 00000000 External STDCALL
SetConsoleTextAttribute  . . . .	P Near	 00000000 FLAT	Length= 00000000 External STDCALL
SetConsoleTitleA . . . . . . . .	P Near	 00000000 FLAT	Length= 00000000 External STDCALL
SetConsoleWindowInfo . . . . . .	P Near	 00000000 FLAT	Length= 00000000 External STDCALL
SetFilePointer . . . . . . . . .	P Near	 00000000 FLAT	Length= 00000000 External STDCALL
SetLocalTime . . . . . . . . . .	P Near	 00000000 FLAT	Length= 00000000 External STDCALL
SetTextColor . . . . . . . . . .	P Near	 00000000 FLAT	Length= 00000000 External STDCALL
ShowFPUStack . . . . . . . . . .	P Near	 00000000 FLAT	Length= 00000000 External STDCALL
Sleep  . . . . . . . . . . . . .	P Near	 00000000 FLAT	Length= 00000000 External STDCALL
StrLength  . . . . . . . . . . .	P Near	 00000000 FLAT	Length= 00000000 External STDCALL
Str_compare  . . . . . . . . . .	P Near	 00000000 FLAT	Length= 00000000 External STDCALL
Str_copy . . . . . . . . . . . .	P Near	 00000000 FLAT	Length= 00000000 External STDCALL
Str_length . . . . . . . . . . .	P Near	 00000000 FLAT	Length= 00000000 External STDCALL
Str_trim . . . . . . . . . . . .	P Near	 00000000 FLAT	Length= 00000000 External STDCALL
Str_ucase  . . . . . . . . . . .	P Near	 00000000 FLAT	Length= 00000000 External STDCALL
SystemTimeToFileTime . . . . . .	P Near	 00000000 FLAT	Length= 00000000 External STDCALL
WaitMsg  . . . . . . . . . . . .	P Near	 00000000 FLAT	Length= 00000000 External STDCALL
WriteBinB  . . . . . . . . . . .	P Near	 00000000 FLAT	Length= 00000000 External STDCALL
WriteBin . . . . . . . . . . . .	P Near	 00000000 FLAT	Length= 00000000 External STDCALL
WriteChar  . . . . . . . . . . .	P Near	 00000000 FLAT	Length= 00000000 External STDCALL
WriteConsoleA  . . . . . . . . .	P Near	 00000000 FLAT	Length= 00000000 External STDCALL
WriteConsoleOutputAttribute  . .	P Near	 00000000 FLAT	Length= 00000000 External STDCALL
WriteConsoleOutputCharacterA . .	P Near	 00000000 FLAT	Length= 00000000 External STDCALL
WriteDec . . . . . . . . . . . .	P Near	 00000000 FLAT	Length= 00000000 External STDCALL
WriteFile  . . . . . . . . . . .	P Near	 00000000 FLAT	Length= 00000000 External STDCALL
WriteFloat . . . . . . . . . . .	P Near	 00000000 FLAT	Length= 00000000 External STDCALL
WriteHexB  . . . . . . . . . . .	P Near	 00000000 FLAT	Length= 00000000 External STDCALL
WriteHex . . . . . . . . . . . .	P Near	 00000000 FLAT	Length= 00000000 External STDCALL
WriteInt . . . . . . . . . . . .	P Near	 00000000 FLAT	Length= 00000000 External STDCALL
WriteStackFrameName  . . . . . .	P Near	 00000000 FLAT	Length= 00000000 External STDCALL
WriteStackFrame  . . . . . . . .	P Near	 00000000 FLAT	Length= 00000000 External STDCALL
WriteString  . . . . . . . . . .	P Near	 00000000 FLAT	Length= 00000000 External STDCALL
WriteToFile  . . . . . . . . . .	P Near	 00000000 FLAT	Length= 00000000 External STDCALL
WriteWindowsMsg  . . . . . . . .	P Near	 00000000 FLAT	Length= 00000000 External STDCALL
calculate  . . . . . . . . . . .	P Near	 0000020E _TEXT	Length= 00000092 Public STDCALL
  num_f  . . . . . . . . . . . .	Word	 bp - 00000002
  num_b  . . . . . . . . . . . .	Word	 bp - 00000004
  operator_now . . . . . . . . .	Byte	 bp - 00000005
find_priority  . . . . . . . . .	P Near	 000001C0 _TEXT	Length= 0000004E Public STDCALL
  front  . . . . . . . . . . . .	Byte	 bp + 00000008
  back . . . . . . . . . . . . .	Byte	 bp + 0000000C
  f  . . . . . . . . . . . . . .	Byte	 bp - 00000001
  b  . . . . . . . . . . . . . .	Byte	 bp - 00000002
  L5 . . . . . . . . . . . . . .	L Near	 000001D2 _TEXT	
  notfound_front . . . . . . . .	L Near	 000001DF _TEXT	
  notfound_back  . . . . . . . .	L Near	 000001EA _TEXT	
  back_higher  . . . . . . . . .	L Near	 0000020A _TEXT	
main . . . . . . . . . . . . . .	P Near	 00000000 _TEXT	Length= 000001C0 Public STDCALL
  not_changed  . . . . . . . . .	L Near	 00000094 _TEXT	
  only_one . . . . . . . . . . .	L Near	 00000128 _TEXT	
  done . . . . . . . . . . . . .	L Near	 00000178 _TEXT	
  not_changed2 . . . . . . . . .	L Near	 00000195 _TEXT	
  L2 . . . . . . . . . . . . . .	L Near	 0000019C _TEXT	
printf . . . . . . . . . . . . .	P Near	 00000000 FLAT	Length= 00000000 External C
scanf  . . . . . . . . . . . . .	P Near	 00000000 FLAT	Length= 00000000 External C
wsprintfA  . . . . . . . . . . .	P Near	 00000000 FLAT	Length= 00000000 External C


Symbols:

                N a m e                 Type     Value    Attr

@CodeSize  . . . . . . . . . . .	Number	 00000000h   
@DataSize  . . . . . . . . . . .	Number	 00000000h   
@Interface . . . . . . . . . . .	Number	 00000003h   
@Model . . . . . . . . . . . . .	Number	 00000007h   
@code  . . . . . . . . . . . . .	Text   	 _TEXT
@data  . . . . . . . . . . . . .	Text   	 FLAT
@fardata?  . . . . . . . . . . .	Text   	 FLAT
@fardata . . . . . . . . . . . .	Text   	 FLAT
@stack . . . . . . . . . . . . .	Text   	 FLAT
ALT_MASK . . . . . . . . . . . .	Number	 00000003h   
CAPSLOCK_ON  . . . . . . . . . .	Number	 00000080h   
CREATE_ALWAYS  . . . . . . . . .	Number	 00000002h   
CREATE_NEW . . . . . . . . . . .	Number	 00000001h   
CTRL_MASK  . . . . . . . . . . .	Number	 0000000Ch   
CaseTable  . . . . . . . . . . .	Byte	 000002AC _DATA	
CreateFile . . . . . . . . . . .	Text   	 CreateFileA
DO_NOT_SHARE . . . . . . . . . .	Number	 00000000h   
ENABLE_ECHO_INPUT  . . . . . . .	Number	 00000004h   
ENABLE_LINE_INPUT  . . . . . . .	Number	 00000002h   
ENABLE_MOUSE_INPUT . . . . . . .	Number	 00000010h   
ENABLE_PROCESSED_INPUT . . . . .	Number	 00000001h   
ENABLE_PROCESSED_OUTPUT  . . . .	Number	 00000001h   
ENABLE_WINDOW_INPUT  . . . . . .	Number	 00000008h   
ENABLE_WRAP_AT_EOL_OUTPUT  . . .	Number	 00000002h   
ENHANCED_KEY . . . . . . . . . .	Number	 00000100h   
EntrySize  . . . . . . . . . . .	Number	 00000002h   
FALSE  . . . . . . . . . . . . .	Number	 00000000h   
FILE_APPEND_DATA . . . . . . . .	Number	 00000004h   
FILE_ATTRIBUTE_ARCHIVE . . . . .	Number	 00000020h   
FILE_ATTRIBUTE_COMPRESSED  . . .	Number	 00000800h   
FILE_ATTRIBUTE_DEVICE  . . . . .	Number	 00000040h   
FILE_ATTRIBUTE_DIRECTORY . . . .	Number	 00000010h   
FILE_ATTRIBUTE_ENCRYPTED . . . .	Number	 00004000h   
FILE_ATTRIBUTE_HIDDEN  . . . . .	Number	 00000002h   
FILE_ATTRIBUTE_NORMAL  . . . . .	Number	 00000080h   
FILE_ATTRIBUTE_NOT_CONTENT_INDEXED .	Number	 00002000h   
FILE_ATTRIBUTE_OFFLINE . . . . .	Number	 00001000h   
FILE_ATTRIBUTE_READONLY  . . . .	Number	 00000001h   
FILE_ATTRIBUTE_REPARSE_POINT . .	Number	 00000400h   
FILE_ATTRIBUTE_SPARSE_FILE . . .	Number	 00000200h   
FILE_ATTRIBUTE_SYSTEM  . . . . .	Number	 00000004h   
FILE_ATTRIBUTE_TEMPORARY . . . .	Number	 00000100h   
FILE_BEGIN . . . . . . . . . . .	Number	 00000000h   
FILE_CURRENT . . . . . . . . . .	Number	 00000001h   
FILE_DELETE_CHILD  . . . . . . .	Number	 00000040h   
FILE_END . . . . . . . . . . . .	Number	 00000002h   
FILE_READ_DATA . . . . . . . . .	Number	 00000001h   
FILE_SHARE_DELETE  . . . . . . .	Number	 00000004h   
FILE_SHARE_READ  . . . . . . . .	Number	 00000001h   
FILE_SHARE_WRITE . . . . . . . .	Number	 00000002h   
FILE_WRITE_DATA  . . . . . . . .	Number	 00000002h   
FOCUS_EVENT  . . . . . . . . . .	Number	 00000010h   
FORMAT_MESSAGE_ALLOCATE_BUFFER .	Number	 00000100h   
FORMAT_MESSAGE_FROM_SYSTEM . . .	Number	 00001000h   
FormatMessage  . . . . . . . . .	Text   	 FormatMessageA
GENERIC_ALL  . . . . . . . . . .	Number	 10000000h   
GENERIC_EXECUTE  . . . . . . . .	Number	 20000000h   
GENERIC_READ . . . . . . . . . .	Number	 -80000000h   
GENERIC_WRITE  . . . . . . . . .	Number	 40000000h   
GetCommandLine . . . . . . . . .	Text   	 GetCommandLineA
HANDLE . . . . . . . . . . . . .	Text   	 DWORD
HEAP_GENERATE_EXCEPTIONS . . . .	Number	 00000004h   
HEAP_GROWABLE  . . . . . . . . .	Number	 00000002h   
HEAP_NO_SERIALIZE  . . . . . . .	Number	 00000001h   
HEAP_REALLOC_IN_PLACE_ONLY . . .	Number	 00000010h   
HEAP_ZERO_MEMORY . . . . . . . .	Number	 00000008h   
IDABORT  . . . . . . . . . . . .	Number	 00000003h   
IDCANCEL . . . . . . . . . . . .	Number	 00000002h   
IDCLOSE  . . . . . . . . . . . .	Number	 00000008h   
IDCONTINUE . . . . . . . . . . .	Number	 0000000Bh   
IDHELP . . . . . . . . . . . . .	Number	 00000009h   
IDIGNORE . . . . . . . . . . . .	Number	 00000005h   
IDNO . . . . . . . . . . . . . .	Number	 00000007h   
IDOK . . . . . . . . . . . . . .	Number	 00000001h   
IDRETRY  . . . . . . . . . . . .	Number	 00000004h   
IDTIMEOUT  . . . . . . . . . . .	Number	 00007D00h   
IDTRYAGAIN . . . . . . . . . . .	Number	 0000000Ah   
IDYES  . . . . . . . . . . . . .	Number	 00000006h   
INVALID_HANDLE_VALUE . . . . . .	Number	 -00000001h   
KBDOWN_FLAG  . . . . . . . . . .	Number	 00000001h   
KEY_EVENT  . . . . . . . . . . .	Number	 00000001h   
KEY_MASKS  . . . . . . . . . . .	Number	 0000001Fh   
LEFT_ALT_PRESSED . . . . . . . .	Number	 00000002h   
LEFT_CTRL_PRESSED  . . . . . . .	Number	 00000008h   
MB_ABORTRETRYIGNORE  . . . . . .	Number	 00000002h   
MB_APPLMODAL . . . . . . . . . .	Number	 00000000h   
MB_CANCELTRYCONTINUE . . . . . .	Number	 00000006h   
MB_DEFBUTTON1  . . . . . . . . .	Number	 00000000h   
MB_DEFBUTTON2  . . . . . . . . .	Number	 00000100h   
MB_DEFBUTTON3  . . . . . . . . .	Number	 00000200h   
MB_DEFBUTTON4  . . . . . . . . .	Number	 00000300h   
MB_HELP  . . . . . . . . . . . .	Number	 00004000h   
MB_ICONASTERISK  . . . . . . . .	Number	 00000040h   
MB_ICONERROR . . . . . . . . . .	Number	 00000010h   
MB_ICONEXCLAMATION . . . . . . .	Number	 00000030h   
MB_ICONHAND  . . . . . . . . . .	Number	 00000010h   
MB_ICONINFORMATION . . . . . . .	Number	 00000040h   
MB_ICONQUESTION  . . . . . . . .	Number	 00000020h   
MB_ICONSTOP  . . . . . . . . . .	Number	 00000010h   
MB_ICONWARNING . . . . . . . . .	Number	 00000030h   
MB_OKCANCEL  . . . . . . . . . .	Number	 00000001h   
MB_OK  . . . . . . . . . . . . .	Number	 00000000h   
MB_RETRYCANCEL . . . . . . . . .	Number	 00000005h   
MB_SYSTEMMODAL . . . . . . . . .	Number	 00001000h   
MB_TASKMODAL . . . . . . . . . .	Number	 00002000h   
MB_USERICON  . . . . . . . . . .	Number	 00000080h   
MB_YESNOCANCEL . . . . . . . . .	Number	 00000003h   
MB_YESNO . . . . . . . . . . . .	Number	 00000004h   
MENU_EVENT . . . . . . . . . . .	Number	 00000008h   
MOUSE_EVENT  . . . . . . . . . .	Number	 00000002h   
MessageBox . . . . . . . . . . .	Text   	 MessageBoxA
NULL . . . . . . . . . . . . . .	Number	 00000000h   
NUMLOCK_ON . . . . . . . . . . .	Number	 00000020h   
NumberOfEntries  . . . . . . . .	Number	 00000006h   
OPEN_ALWAYS  . . . . . . . . . .	Number	 00000004h   
OPEN_EXISTING  . . . . . . . . .	Number	 00000003h   
PeekConsoleInput . . . . . . . .	Text   	 PeekConsoleInputA
RIGHT_ALT_PRESSED  . . . . . . .	Number	 00000001h   
RIGHT_CTRL_PRESSED . . . . . . .	Number	 00000004h   
ReadConsoleInput . . . . . . . .	Text   	 ReadConsoleInputA
ReadConsole  . . . . . . . . . .	Text   	 ReadConsoleA
SCROLLLOCK_ON  . . . . . . . . .	Number	 00000040h   
SHIFT_MASK . . . . . . . . . . .	Number	 00000010h   
SHIFT_PRESSED  . . . . . . . . .	Number	 00000010h   
STD_ERROR_HANDLE . . . . . . . .	Number	 -0000000Ch   
STD_INPUT_HANDLE . . . . . . . .	Number	 -0000000Ah   
STD_OUTPUT_HANDLE  . . . . . . .	Number	 -0000000Bh   
SetConsoleTitle  . . . . . . . .	Text   	 SetConsoleTitleA
TAB  . . . . . . . . . . . . . .	Number	 00000009h   
TRUE . . . . . . . . . . . . . .	Number	 00000001h   
TRUNCATE_EXISTING  . . . . . . .	Number	 00000005h   
VK_11  . . . . . . . . . . . . .	Number	 000000BDh   
VK_12  . . . . . . . . . . . . .	Number	 000000BBh   
VK_ADD . . . . . . . . . . . . .	Number	 0000006Bh   
VK_BACK  . . . . . . . . . . . .	Number	 00000008h   
VK_CANCEL  . . . . . . . . . . .	Number	 00000003h   
VK_CAPITAL . . . . . . . . . . .	Number	 00000014h   
VK_CLEAR . . . . . . . . . . . .	Number	 0000000Ch   
VK_CONTROL . . . . . . . . . . .	Number	 00000011h   
VK_DECIMAL . . . . . . . . . . .	Number	 0000006Eh   
VK_DELETE  . . . . . . . . . . .	Number	 0000002Eh   
VK_DIVIDE  . . . . . . . . . . .	Number	 0000006Fh   
VK_DOWN  . . . . . . . . . . . .	Number	 00000028h   
VK_END . . . . . . . . . . . . .	Number	 00000023h   
VK_ESCAPE  . . . . . . . . . . .	Number	 0000001Bh   
VK_EXECUTE . . . . . . . . . . .	Number	 0000002Bh   
VK_F10 . . . . . . . . . . . . .	Number	 00000079h   
VK_F11 . . . . . . . . . . . . .	Number	 0000007Ah   
VK_F12 . . . . . . . . . . . . .	Number	 0000007Bh   
VK_F13 . . . . . . . . . . . . .	Number	 0000007Ch   
VK_F14 . . . . . . . . . . . . .	Number	 0000007Dh   
VK_F15 . . . . . . . . . . . . .	Number	 0000007Eh   
VK_F16 . . . . . . . . . . . . .	Number	 0000007Fh   
VK_F17 . . . . . . . . . . . . .	Number	 00000080h   
VK_F18 . . . . . . . . . . . . .	Number	 00000081h   
VK_F19 . . . . . . . . . . . . .	Number	 00000082h   
VK_F1  . . . . . . . . . . . . .	Number	 00000070h   
VK_F20 . . . . . . . . . . . . .	Number	 00000083h   
VK_F21 . . . . . . . . . . . . .	Number	 00000084h   
VK_F22 . . . . . . . . . . . . .	Number	 00000085h   
VK_F23 . . . . . . . . . . . . .	Number	 00000086h   
VK_F24 . . . . . . . . . . . . .	Number	 00000087h   
VK_F2  . . . . . . . . . . . . .	Number	 00000071h   
VK_F3  . . . . . . . . . . . . .	Number	 00000072h   
VK_F4  . . . . . . . . . . . . .	Number	 00000073h   
VK_F5  . . . . . . . . . . . . .	Number	 00000074h   
VK_F6  . . . . . . . . . . . . .	Number	 00000075h   
VK_F7  . . . . . . . . . . . . .	Number	 00000076h   
VK_F8  . . . . . . . . . . . . .	Number	 00000077h   
VK_F9  . . . . . . . . . . . . .	Number	 00000078h   
VK_HELP  . . . . . . . . . . . .	Number	 0000002Fh   
VK_HOME  . . . . . . . . . . . .	Number	 00000024h   
VK_INSERT  . . . . . . . . . . .	Number	 0000002Dh   
VK_LBUTTON . . . . . . . . . . .	Number	 00000001h   
VK_LCONTROL  . . . . . . . . . .	Number	 000000A2h   
VK_LEFT  . . . . . . . . . . . .	Number	 00000025h   
VK_LMENU . . . . . . . . . . . .	Number	 000000A4h   
VK_LSHIFT  . . . . . . . . . . .	Number	 000000A0h   
VK_MENU  . . . . . . . . . . . .	Number	 00000012h   
VK_MULTIPLY  . . . . . . . . . .	Number	 0000006Ah   
VK_NEXT  . . . . . . . . . . . .	Number	 00000022h   
VK_NUMLOCK . . . . . . . . . . .	Number	 00000090h   
VK_NUMPAD0 . . . . . . . . . . .	Number	 00000060h   
VK_NUMPAD1 . . . . . . . . . . .	Number	 00000061h   
VK_NUMPAD2 . . . . . . . . . . .	Number	 00000062h   
VK_NUMPAD3 . . . . . . . . . . .	Number	 00000063h   
VK_NUMPAD4 . . . . . . . . . . .	Number	 00000064h   
VK_NUMPAD5 . . . . . . . . . . .	Number	 00000065h   
VK_NUMPAD6 . . . . . . . . . . .	Number	 00000066h   
VK_NUMPAD7 . . . . . . . . . . .	Number	 00000067h   
VK_NUMPAD8 . . . . . . . . . . .	Number	 00000068h   
VK_NUMPAD9 . . . . . . . . . . .	Number	 00000069h   
VK_PAUSE . . . . . . . . . . . .	Number	 00000013h   
VK_PRINT . . . . . . . . . . . .	Number	 0000002Ah   
VK_PRIOR . . . . . . . . . . . .	Number	 00000021h   
VK_RBUTTON . . . . . . . . . . .	Number	 00000002h   
VK_RCONTROL  . . . . . . . . . .	Number	 000000A3h   
VK_RETURN  . . . . . . . . . . .	Number	 0000000Dh   
VK_RIGHT . . . . . . . . . . . .	Number	 00000027h   
VK_RMENU . . . . . . . . . . . .	Number	 000000A5h   
VK_RSHIFT  . . . . . . . . . . .	Number	 000000A1h   
VK_SCROLL  . . . . . . . . . . .	Number	 00000091h   
VK_SEPARATER . . . . . . . . . .	Number	 0000006Ch   
VK_SHIFT . . . . . . . . . . . .	Number	 00000010h   
VK_SNAPSHOT  . . . . . . . . . .	Number	 0000002Ch   
VK_SPACE . . . . . . . . . . . .	Number	 00000020h   
VK_SUBTRACT  . . . . . . . . . .	Number	 0000006Dh   
VK_TAB . . . . . . . . . . . . .	Number	 00000009h   
VK_UP  . . . . . . . . . . . . .	Number	 00000026h   
WINDOW_BUFFER_SIZE_EVENT . . . .	Number	 00000004h   
WriteConsoleOutputCharacter  . .	Text   	 WriteConsoleOutputCharacterA
WriteConsole . . . . . . . . . .	Text   	 WriteConsoleA
black  . . . . . . . . . . . . .	Number	 00000000h   
blue . . . . . . . . . . . . . .	Number	 00000001h   
brown  . . . . . . . . . . . . .	Number	 00000006h   
buffer . . . . . . . . . . . . .	Byte	 00000000 _DATA	
changed  . . . . . . . . . . . .	Byte	 00000292 _DATA	
count  . . . . . . . . . . . . .	Byte	 00000293 _DATA	
cyan . . . . . . . . . . . . . .	Number	 00000003h   
div_by_zero  . . . . . . . . . .	L Near	 000002A0 _TEXT	
error  . . . . . . . . . . . . .	Byte	 00000295 _DATA	
exit . . . . . . . . . . . . . .	Text   	 INVOKE ExitProcess,0
gray . . . . . . . . . . . . . .	Number	 00000008h   
green  . . . . . . . . . . . . .	Number	 00000002h   
lightBlue  . . . . . . . . . . .	Number	 00000009h   
lightCyan  . . . . . . . . . . .	Number	 0000000Bh   
lightGray  . . . . . . . . . . .	Number	 00000007h   
lightGreen . . . . . . . . . . .	Number	 0000000Ah   
lightMagenta . . . . . . . . . .	Number	 0000000Dh   
lightRed . . . . . . . . . . . .	Number	 0000000Ch   
magenta  . . . . . . . . . . . .	Number	 00000005h   
now_char . . . . . . . . . . . .	Byte	 00000291 _DATA	
now  . . . . . . . . . . . . . .	Word	 0000028F _DATA	
operand_index  . . . . . . . . .	Word	 0000028B _DATA	
operand  . . . . . . . . . . . .	Word	 000001F5 _DATA	
operator_index . . . . . . . . .	Word	 0000028D _DATA	
operator . . . . . . . . . . . .	Byte	 00000259 _DATA	
red  . . . . . . . . . . . . . .	Number	 00000004h   
temp . . . . . . . . . . . . . .	Byte	 00000294 _DATA	
white  . . . . . . . . . . . . .	Number	 0000000Fh   
wsprintf . . . . . . . . . . . .	Text   	 wsprintfA
yellow . . . . . . . . . . . . .	Number	 0000000Eh   

	   1 Warnings
	   0 Errors
